#
# There is insufficient memory for the Java Runtime Environment to continue.
# Native memory allocation (mmap) failed to map 16384 bytes for committing reserved memory.
# Possible reasons:
#   The system is out of physical RAM or swap space
#   The process is running with CompressedOops enabled, and the Java Heap may be blocking the growth of the native heap
# Possible solutions:
#   Reduce memory load on the system
#   Increase physical memory or swap space
#   Check if swap backing store is full
#   Decrease Java heap size (-Xmx/-Xms)
#   Decrease number of Java threads
#   Decrease Java thread stack sizes (-Xss)
#   Set larger code cache with -XX:ReservedCodeCacheSize=
#   JVM is running with Unscaled Compressed Oops mode in which the Java heap is
#     placed in the first 4GB address space. The Java Heap base address is the
#     maximum limit for the native heap growth. Please use -XX:HeapBaseMinAddress
#     to set the Java Heap base and to place the Java Heap above 4GB virtual address.
# This output file may be truncated or incomplete.
#
#  Out of Memory Error (os_linux.cpp:2706), pid=7959, tid=9882
#
# JRE version: OpenJDK Runtime Environment (10.0.2+13) (build 10.0.2+13-Ubuntu-1ubuntu0.18.04.4)
# Java VM: OpenJDK 64-Bit Server VM (10.0.2+13-Ubuntu-1ubuntu0.18.04.4, mixed mode, tiered, compressed oops, serial gc, linux-amd64)
# Core dump will be written. Default location: Core dumps may be processed with "/usr/share/apport/apport %p %s %c %d %P" (or dumping to /home/ether1/explorer-api/core.7959)
#

---------------  S U M M A R Y ------------

Command Line: -Dclassworlds.conf=/usr/share/maven/bin/m2.conf -Dmaven.home=/usr/share/maven -Dlibrary.jansi.path=/usr/share/maven/lib/jansi-native -Dmaven.multiModuleProjectDirectory=/home/ether1/explorer-api org.codehaus.plexus.classworlds.launcher.Launcher spring-boot:run

Host: Virtual CPU 82d9ed4018dd, 1 cores, 1G, Ubuntu 18.04.1 LTS
Time: Fri Dec 28 06:02:32 2018 UTC elapsed time: 1114 seconds (0d 0h 18m 34s)

---------------  T H R E A D  ---------------

Current thread (0x00007fd7b83d6800):  JavaThread "Okio Watchdog" daemon [_thread_new, id=9882, stack(0x00007fd7acdbd000,0x00007fd7acebe000)]

Stack: [0x00007fd7acdbd000,0x00007fd7acebe000],  sp=0x00007fd7acebcb60,  free space=1022k
Native frames: (J=compiled Java code, A=aot compiled Java code, j=interpreted, Vv=VM code, C=native code)
V  [libjvm.so+0xd27ea4]
V  [libjvm.so+0xd28a4b]
V  [libjvm.so+0x64d415]
V  [libjvm.so+0xb2d258]
V  [libjvm.so+0xb25bdf]
V  [libjvm.so+0xb2e768]
V  [libjvm.so+0xcc5712]
V  [libjvm.so+0xb33d40]
C  [libpthread.so.0+0x76db]  start_thread+0xdb


---------------  P R O C E S S  ---------------

Threads class SMR info:
_java_thread_list=0x00007fd7bcf35320, length=28, elements={
0x00007fd7e8011000, 0x00007fd7e808a800, 0x00007fd7e808c800, 0x00007fd7e80a0000,
0x00007fd7e80a2000, 0x00007fd7e80a4000, 0x00007fd7e80a6000, 0x00007fd7e812f000,
0x00007fd7e8144800, 0x00007fd7bdbc3000, 0x00007fd7bdbc4000, 0x00007fd7bdbc5000,
0x00007fd7bdbc7000, 0x00007fd7c000b000, 0x00007fd7bdc89000, 0x00007fd7b0b4b800,
0x00007fd7bd54d000, 0x00007fd7bcf52000, 0x00007fd7bc5af800, 0x00007fd7bd2d5800,
0x00007fd7bd655000, 0x00007fd7bd630000, 0x00007fd7c8306000, 0x00007fd7c832d800,
0x000055c3c0b11000, 0x000055c3c0b0d800, 0x00007fd7b83ac800, 0x00007fd7b83d6800
}

Java Threads: ( => current thread )
  0x00007fd7e8011000 JavaThread "main" [_thread_blocked, id=7981, stack(0x00007fd7f1c51000,0x00007fd7f1d52000)]
  0x00007fd7e808a800 JavaThread "Reference Handler" daemon [_thread_blocked, id=7983, stack(0x00007fd7ed29a000,0x00007fd7ed39b000)]
  0x00007fd7e808c800 JavaThread "Finalizer" daemon [_thread_blocked, id=7984, stack(0x00007fd7ed199000,0x00007fd7ed29a000)]
  0x00007fd7e80a0000 JavaThread "Signal Dispatcher" daemon [_thread_blocked, id=7985, stack(0x00007fd7ecd6f000,0x00007fd7ece70000)]
  0x00007fd7e80a2000 JavaThread "C2 CompilerThread0" daemon [_thread_blocked, id=7986, stack(0x00007fd7ecc6e000,0x00007fd7ecd6f000)]
  0x00007fd7e80a4000 JavaThread "C1 CompilerThread1" daemon [_thread_in_native, id=7987, stack(0x00007fd7ecb6d000,0x00007fd7ecc6e000)]
  0x00007fd7e80a6000 JavaThread "Sweeper thread" daemon [_thread_blocked, id=7988, stack(0x00007fd7eca6c000,0x00007fd7ecb6d000)]
  0x00007fd7e812f000 JavaThread "Service Thread" daemon [_thread_blocked, id=7989, stack(0x00007fd7ec96b000,0x00007fd7eca6c000)]
  0x00007fd7e8144800 JavaThread "Common-Cleaner" daemon [_thread_blocked, id=7991, stack(0x00007fd7ec768000,0x00007fd7ec869000)]
  0x00007fd7bdbc3000 JavaThread "reactor-http-nio-1" daemon [_thread_in_native, id=7995, stack(0x00007fd7cea24000,0x00007fd7ceb25000)]
  0x00007fd7bdbc4000 JavaThread "reactor-http-nio-2" daemon [_thread_in_native, id=7996, stack(0x00007fd7cce28000,0x00007fd7ccf29000)]
  0x00007fd7bdbc5000 JavaThread "reactor-http-nio-3" daemon [_thread_in_native, id=7997, stack(0x00007fd7ccd27000,0x00007fd7cce28000)]
  0x00007fd7bdbc7000 JavaThread "reactor-http-nio-4" daemon [_thread_in_native, id=7998, stack(0x00007fd7cc660000,0x00007fd7cc761000)]
  0x00007fd7c000b000 JavaThread "ObjectCleanerThread" daemon [_thread_blocked, id=7999, stack(0x00007fd7cc55f000,0x00007fd7cc660000)]
  0x00007fd7bdc89000 JavaThread "cluster-ClusterId{value='5c25b82a7122f91f1741845e', description='null'}-localhost:27017" daemon [_thread_blocked, id=8000, stack(0x00007fd7cc25e000,0x00007fd7cc35f000)]
  0x00007fd7b0b4b800 JavaThread "nioEventLoopGroup-2-1" [_thread_in_native, id=8001, stack(0x00007fd7afcd2000,0x00007fd7afdd3000)]
  0x00007fd7bd54d000 JavaThread "cluster-ClusterId{value='5c25b82b7122f91f1741845f', description='null'}-localhost:27017" daemon [_thread_in_native, id=8003, stack(0x00007fd7cc950000,0x00007fd7cca51000)]
  0x00007fd7bcf52000 JavaThread "CleanCursors-1-thread-1" daemon [_thread_blocked, id=8004, stack(0x00007fd7cc84f000,0x00007fd7cc950000)]
  0x00007fd7bc5af800 JavaThread "nioEventLoopGroup-2-2" [_thread_in_native, id=8006, stack(0x00007fd7ad7cf000,0x00007fd7ad8d0000)]
  0x00007fd7bd2d5800 JavaThread "parallel-1" daemon [_thread_blocked, id=8009, stack(0x00007fd7ad2ce000,0x00007fd7ad3cf000)]
  0x00007fd7bd655000 JavaThread "reactor-http-server-epoll-5" daemon [_thread_in_native, id=8010, stack(0x00007fd7acfbf000,0x00007fd7ad0c0000)]
  0x00007fd7bd630000 JavaThread "server" [_thread_blocked, id=8011, stack(0x00007fd7acebe000,0x00007fd7acfbf000)]
  0x00007fd7c8306000 JavaThread "OkHttp ConnectionPool" daemon [_thread_blocked, id=8012, stack(0x00007fd7ec00c000,0x00007fd7ec10d000)]
  0x00007fd7c832d800 JavaThread "pool-2-thread-1" [_thread_in_vm, id=8014, stack(0x00007fd7acabc000,0x00007fd7acbbd000)]
  0x000055c3c0b11000 JavaThread "reactor-http-server-epoll-6" daemon [_thread_in_native, id=8043, stack(0x00007fd7ac7bb000,0x00007fd7ac8bc000)]
  0x000055c3c0b0d800 JavaThread "reactor-http-server-epoll-7" daemon [_thread_in_native, id=8044, stack(0x00007fd7ac6ba000,0x00007fd7ac7bb000)]
  0x00007fd7b83ac800 JavaThread "AsyncGetter-2-thread-1" daemon [_thread_blocked, id=8111, stack(0x00007fd7abeb4000,0x00007fd7abfb5000)]
=>0x00007fd7b83d6800 JavaThread "Okio Watchdog" daemon [_thread_new, id=9882, stack(0x00007fd7acdbd000,0x00007fd7acebe000)]

Other Threads:
  0x00007fd7e8080800 VMThread "VM Thread" [stack: 0x00007fd7ed39d000,0x00007fd7ed49d000] [id=7982]
  0x00007fd7e8131000 WatcherThread [stack: 0x00007fd7ec86b000,0x00007fd7ec96b000] [id=7990]

Threads with active compile tasks:
C1 CompilerThread115505       3       java.io.OutputStreamWriter::flushBuffer (8 bytes)

VM state:not at safepoint (normal execution)

VM Mutex/Monitor currently owned by a thread: None

Heap address: 0x00000000e0c00000, size: 500 MB, Compressed Oops mode: 32-bit
Narrow klass base: 0x0000000000000000, Narrow klass shift: 3
Compressed class space size: 1073741824 Address: 0x0000000100000000

Heap:
 def new generation   total 43840K, used 1584K [0x00000000e0c00000, 0x00000000e3b90000, 0x00000000eb2a0000)
  eden space 38976K,   2% used [0x00000000e0c00000, 0x00000000e0d204f8, 0x00000000e3210000)
  from space 4864K,   8% used [0x00000000e36d0000, 0x00000000e373bbb0, 0x00000000e3b90000)
  to   space 4864K,   0% used [0x00000000e3210000, 0x00000000e3210000, 0x00000000e36d0000)
 tenured generation   total 97224K, used 86920K [0x00000000eb2a0000, 0x00000000f1192000, 0x0000000100000000)
   the space 97224K,  89% used [0x00000000eb2a0000, 0x00000000f0782158, 0x00000000f0782200, 0x00000000f1192000)
 Metaspace       used 75114K, capacity 77245K, committed 77696K, reserved 1118208K
  class space    used 8474K, capacity 9255K, committed 9344K, reserved 1048576K

Card table byte_map: [0x00007fd7edd6e000,0x00007fd7ede69000] byte_map_base: 0x00007fd7ed668000

Polling page: 0x00007fd7f1d59000

CodeHeap 'non-profiled nmethods': size=120036Kb used=9463Kb max_used=10391Kb free=110572Kb
 bounds [0x00007fd7d75ec000, 0x00007fd7d801c000, 0x00007fd7deb25000]
CodeHeap 'profiled nmethods': size=120032Kb used=17449Kb max_used=26796Kb free=102582Kb
 bounds [0x00007fd7d00b4000, 0x00007fd7d1af4000, 0x00007fd7d75ec000]
CodeHeap 'non-nmethods': size=5692Kb used=1216Kb max_used=1266Kb free=4475Kb
 bounds [0x00007fd7cfb25000, 0x00007fd7cfd95000, 0x00007fd7d00b4000]
 total_blobs=20781 nmethods=11148 adapters=501
 compilation: enabled

Compilation events (10 events):
Event: 978.191 Thread 0x00007fd7e80a4000 nmethod 15500 0x00007fd7d055e810 code [0x00007fd7d055e9e0, 0x00007fd7d055ed10]
Event: 978.203 Thread 0x00007fd7e80a4000 15501       3       io.netty.util.internal.ConcurrentSet::add (22 bytes)
Event: 978.204 Thread 0x00007fd7e80a4000 nmethod 15501 0x00007fd7d0334c90 code [0x00007fd7d0334e60, 0x00007fd7d03350e8]
Event: 978.321 Thread 0x00007fd7e80a2000 nmethod 15499 0x00007fd7d7af3090 code [0x00007fd7d7af33c0, 0x00007fd7d7af3e40]
Event: 978.626 Thread 0x00007fd7e80a4000 15502       3       io.netty.util.internal.InternalThreadLocalMap::isCleanerFlagSet (24 bytes)
Event: 978.666 Thread 0x00007fd7e80a4000 nmethod 15502 0x00007fd7d0426210 code [0x00007fd7d04263e0, 0x00007fd7d0426628]
Event: 978.666 Thread 0x00007fd7e80a4000 15503       3       io.netty.util.internal.InternalThreadLocalMap::setCleanerFlag (27 bytes)
Event: 978.666 Thread 0x00007fd7e80a4000 nmethod 15503 0x00007fd7d05e2c10 code [0x00007fd7d05e2e00, 0x00007fd7d05e3288]
Event: 994.850 Thread 0x00007fd7e80a4000 15504       3       java.nio.HeapByteBuffer::put (17 bytes)
Event: 1056.143 Thread 0x00007fd7e80a4000 nmethod 15504 0x00007fd7d04b5610 code [0x00007fd7d04b57e0, 0x00007fd7d04b5a70]

GC Heap History (10 events):
Event: 976.188 GC heap before
{Heap before GC invocations=725 (full 5):
 def new generation   total 43840K, used 39858K [0x00000000e0c00000, 0x00000000e3b90000, 0x00000000eb2a0000)
  eden space 38976K, 100% used [0x00000000e0c00000, 0x00000000e3210000, 0x00000000e3210000)
  from space 4864K,  18% used [0x00000000e3210000, 0x00000000e32ecbf8, 0x00000000e36d0000)
  to   space 4864K,   0% used [0x00000000e36d0000, 0x00000000e36d0000, 0x00000000e3b90000)
 tenured generation   total 97224K, used 86920K [0x00000000eb2a0000, 0x00000000f1192000, 0x0000000100000000)
   the space 97224K,  89% used [0x00000000eb2a0000, 0x00000000f0782158, 0x00000000f0782200, 0x00000000f1192000)
 Metaspace       used 75111K, capacity 77245K, committed 77696K, reserved 1118208K
  class space    used 8474K, capacity 9255K, committed 9344K, reserved 1048576K
}
Event: 976.222 GC heap after
{Heap after GC invocations=726 (full 5):
 def new generation   total 43840K, used 592K [0x00000000e0c00000, 0x00000000e3b90000, 0x00000000eb2a0000)
  eden space 38976K,   0% used [0x00000000e0c00000, 0x00000000e0c00000, 0x00000000e3210000)
  from space 4864K,  12% used [0x00000000e36d0000, 0x00000000e37641a8, 0x00000000e3b90000)
  to   space 4864K,   0% used [0x00000000e3210000, 0x00000000e3210000, 0x00000000e36d0000)
 tenured generation   total 97224K, used 86920K [0x00000000eb2a0000, 0x00000000f1192000, 0x0000000100000000)
   the space 97224K,  89% used [0x00000000eb2a0000, 0x00000000f0782158, 0x00000000f0782200, 0x00000000f1192000)
 Metaspace       used 75111K, capacity 77245K, committed 77696K, reserved 1118208K
  class space    used 8474K, capacity 9255K, committed 9344K, reserved 1048576K
}
Event: 976.956 GC heap before
{Heap before GC invocations=726 (full 5):
 def new generation   total 43840K, used 39568K [0x00000000e0c00000, 0x00000000e3b90000, 0x00000000eb2a0000)
  eden space 38976K, 100% used [0x00000000e0c00000, 0x00000000e3210000, 0x00000000e3210000)
  from space 4864K,  12% used [0x00000000e36d0000, 0x00000000e37641a8, 0x00000000e3b90000)
  to   space 4864K,   0% used [0x00000000e3210000, 0x00000000e3210000, 0x00000000e36d0000)
 tenured generation   total 97224K, used 86920K [0x00000000eb2a0000, 0x00000000f1192000, 0x0000000100000000)
   the space 97224K,  89% used [0x00000000eb2a0000, 0x00000000f0782158, 0x00000000f0782200, 0x00000000f1192000)
 Metaspace       used 75111K, capacity 77245K, committed 77696K, reserved 1118208K
  class space    used 8474K, capacity 9255K, committed 9344K, reserved 1048576K
}
Event: 976.963 GC heap after
{Heap after GC invocations=727 (full 5):
 def new generation   total 43840K, used 714K [0x00000000e0c00000, 0x00000000e3b90000, 0x00000000eb2a0000)
  eden space 38976K,   0% used [0x00000000e0c00000, 0x00000000e0c00000, 0x00000000e3210000)
  from space 4864K,  14% used [0x00000000e3210000, 0x00000000e32c2bd8, 0x00000000e36d0000)
  to   space 4864K,   0% used [0x00000000e36d0000, 0x00000000e36d0000, 0x00000000e3b90000)
 tenured generation   total 97224K, used 86920K [0x00000000eb2a0000, 0x00000000f1192000, 0x0000000100000000)
   the space 97224K,  89% used [0x00000000eb2a0000, 0x00000000f0782158, 0x00000000f0782200, 0x00000000f1192000)
 Metaspace       used 75111K, capacity 77245K, committed 77696K, reserved 1118208K
  class space    used 8474K, capacity 9255K, committed 9344K, reserved 1048576K
}
Event: 977.851 GC heap before
{Heap before GC invocations=727 (full 5):
 def new generation   total 43840K, used 39690K [0x00000000e0c00000, 0x00000000e3b90000, 0x00000000eb2a0000)
  eden space 38976K, 100% used [0x00000000e0c00000, 0x00000000e3210000, 0x00000000e3210000)
  from space 4864K,  14% used [0x00000000e3210000, 0x00000000e32c2bd8, 0x00000000e36d0000)
  to   space 4864K,   0% used [0x00000000e36d0000, 0x00000000e36d0000, 0x00000000e3b90000)
 tenured generation   total 97224K, used 86920K [0x00000000eb2a0000, 0x00000000f1192000, 0x0000000100000000)
   the space 97224K,  89% used [0x00000000eb2a0000, 0x00000000f0782158, 0x00000000f0782200, 0x00000000f1192000)
 Metaspace       used 75111K, capacity 77245K, committed 77696K, reserved 1118208K
  class space    used 8474K, capacity 9255K, committed 9344K, reserved 1048576K
}
Event: 977.871 GC heap after
{Heap after GC invocations=728 (full 5):
 def new generation   total 43840K, used 319K [0x00000000e0c00000, 0x00000000e3b90000, 0x00000000eb2a0000)
  eden space 38976K,   0% used [0x00000000e0c00000, 0x00000000e0c00000, 0x00000000e3210000)
  from space 4864K,   6% used [0x00000000e36d0000, 0x00000000e371fed0, 0x00000000e3b90000)
  to   space 4864K,   0% used [0x00000000e3210000, 0x00000000e3210000, 0x00000000e36d0000)
 tenured generation   total 97224K, used 86920K [0x00000000eb2a0000, 0x00000000f1192000, 0x0000000100000000)
   the space 97224K,  89% used [0x00000000eb2a0000, 0x00000000f0782158, 0x00000000f0782200, 0x00000000f1192000)
 Metaspace       used 75111K, capacity 77245K, committed 77696K, reserved 1118208K
  class space    used 8474K, capacity 9255K, committed 9344K, reserved 1048576K
}
Event: 978.470 GC heap before
{Heap before GC invocations=728 (full 5):
 def new generation   total 43840K, used 39295K [0x00000000e0c00000, 0x00000000e3b90000, 0x00000000eb2a0000)
  eden space 38976K, 100% used [0x00000000e0c00000, 0x00000000e3210000, 0x00000000e3210000)
  from space 4864K,   6% used [0x00000000e36d0000, 0x00000000e371fed0, 0x00000000e3b90000)
  to   space 4864K,   0% used [0x00000000e3210000, 0x00000000e3210000, 0x00000000e36d0000)
 tenured generation   total 97224K, used 86920K [0x00000000eb2a0000, 0x00000000f1192000, 0x0000000100000000)
   the space 97224K,  89% used [0x00000000eb2a0000, 0x00000000f0782158, 0x00000000f0782200, 0x00000000f1192000)
 Metaspace       used 75112K, capacity 77245K, committed 77696K, reserved 1118208K
  class space    used 8474K, capacity 9255K, committed 9344K, reserved 1048576K
}
Event: 978.473 GC heap after
{Heap after GC invocations=729 (full 5):
 def new generation   total 43840K, used 1147K [0x00000000e0c00000, 0x00000000e3b90000, 0x00000000eb2a0000)
  eden space 38976K,   0% used [0x00000000e0c00000, 0x00000000e0c00000, 0x00000000e3210000)
  from space 4864K,  23% used [0x00000000e3210000, 0x00000000e332ef18, 0x00000000e36d0000)
  to   space 4864K,   0% used [0x00000000e36d0000, 0x00000000e36d0000, 0x00000000e3b90000)
 tenured generation   total 97224K, used 86920K [0x00000000eb2a0000, 0x00000000f1192000, 0x0000000100000000)
   the space 97224K,  89% used [0x00000000eb2a0000, 0x00000000f0782158, 0x00000000f0782200, 0x00000000f1192000)
 Metaspace       used 75112K, capacity 77245K, committed 77696K, reserved 1118208K
  class space    used 8474K, capacity 9255K, committed 9344K, reserved 1048576K
}
Event: 979.419 GC heap before
{Heap before GC invocations=729 (full 5):
 def new generation   total 43840K, used 40123K [0x00000000e0c00000, 0x00000000e3b90000, 0x00000000eb2a0000)
  eden space 38976K, 100% used [0x00000000e0c00000, 0x00000000e3210000, 0x00000000e3210000)
  from space 4864K,  23% used [0x00000000e3210000, 0x00000000e332ef18, 0x00000000e36d0000)
  to   space 4864K,   0% used [0x00000000e36d0000, 0x00000000e36d0000, 0x00000000e3b90000)
 tenured generation   total 97224K, used 86920K [0x00000000eb2a0000, 0x00000000f1192000, 0x0000000100000000)
   the space 97224K,  89% used [0x00000000eb2a0000, 0x00000000f0782158, 0x00000000f0782200, 0x00000000f1192000)
 Metaspace       used 75113K, capacity 77245K, committed 77696K, reserved 1118208K
  class space    used 8474K, capacity 9255K, committed 9344K, reserved 1048576K
}
Event: 979.482 GC heap after
{Heap after GC invocations=730 (full 5):
 def new generation   total 43840K, used 430K [0x00000000e0c00000, 0x00000000e3b90000, 0x00000000eb2a0000)
  eden space 38976K,   0% used [0x00000000e0c00000, 0x00000000e0c00000, 0x00000000e3210000)
  from space 4864K,   8% used [0x00000000e36d0000, 0x00000000e373bbb0, 0x00000000e3b90000)
  to   space 4864K,   0% used [0x00000000e3210000, 0x00000000e3210000, 0x00000000e36d0000)
 tenured generation   total 97224K, used 86920K [0x00000000eb2a0000, 0x00000000f1192000, 0x0000000100000000)
   the space 97224K,  89% used [0x00000000eb2a0000, 0x00000000f0782158, 0x00000000f0782200, 0x00000000f1192000)
 Metaspace       used 75113K, capacity 77245K, committed 77696K, reserved 1118208K
  class space    used 8474K, capacity 9255K, committed 9344K, reserved 1048576K
}

Deoptimization events (10 events):
Event: 939.728 Thread 0x00007fd7b0b4b800 Uncommon trap: reason=unstable_if action=reinterpret pc=0x00007fd7d7f247bc method=tech.nilu.platform.explorer.web3.handler.DefaultAddressHandler.lambda$handleMinerAddress$3(Ljava/lang/String;Ltech/nilu/platform/explorer/model/Block;Ljava/util/concurrent/C
Event: 939.984 Thread 0x00007fd7bc5af800 Uncommon trap: reason=unstable_if action=reinterpret pc=0x00007fd7d7f24c88 method=tech.nilu.platform.explorer.web3.handler.DefaultAddressHandler.lambda$handleMinerAddress$3(Ljava/lang/String;Ltech/nilu/platform/explorer/model/Block;Ljava/util/concurrent/C
Event: 950.419 Thread 0x00007fd7b0b4b800 Uncommon trap: reason=class_check action=maybe_recompile pc=0x00007fd7d7e5fa54 method=io.netty.channel.DefaultSelectStrategy.calculateStrategy(Lio/netty/util/IntSupplier;Z)I @ 5 c2
Event: 974.569 Thread 0x00007fd7bc5af800 Uncommon trap: reason=class_check action=maybe_recompile pc=0x00007fd7d7e5fa54 method=io.netty.channel.DefaultSelectStrategy.calculateStrategy(Lio/netty/util/IntSupplier;Z)I @ 5 c2
Event: 1055.893 Thread 0x00007fd7c8307800 Uncommon trap: reason=unstable_if action=reinterpret pc=0x00007fd7d79cbf6c method=okio.AsyncTimeout.awaitTimeout()Lokio/AsyncTimeout; @ 41 c2
Event: 1056.428 Thread 0x00007fd7c832d800 Uncommon trap: reason=class_check action=maybe_recompile pc=0x00007fd7d7a9683c method=reactor.core.publisher.FluxFlatMap.trySubscribeScalarMap(Lorg/reactivestreams/Publisher;Lreactor/core/CoreSubscriber;Ljava/util/function/Function;Z)Z @ 199 c2
Event: 1058.862 Thread 0x00007fd7c832d800 Uncommon trap: reason=class_check action=maybe_recompile pc=0x00007fd7d7dc5470 method=com.mongodb.async.client.AsyncOperationExecutorImpl$1.onResult(Lcom/mongodb/session/ClientSession;Ljava/lang/Throwable;)V @ 61 c2
Event: 1062.073 Thread 0x00007fd7c832d800 Uncommon trap: reason=class_check action=maybe_recompile pc=0x00007fd7d7fbf7dc method=com.mongodb.connection.DefaultServer$1.onResult(Lcom/mongodb/connection/InternalConnection;Ljava/lang/Throwable;)V @ 69 c2
Event: 1078.789 Thread 0x00007fd7b0b4b800 Uncommon trap: reason=class_check action=maybe_recompile pc=0x00007fd7d7dfd910 method=com.mongodb.operation.CommandOperationHelper$1.onResult(Ljava/lang/Object;Ljava/lang/Throwable;)V @ 35 c2
Event: 1095.556 Thread 0x00007fd7b0b4b800 Uncommon trap: reason=unstable_if action=reinterpret pc=0x00007fd7d7a1c0a4 method=okio.AsyncTimeout.scheduleTimeout(Lokio/AsyncTimeout;JZ)V @ 3 c2

Classes redefined (0 events):
No events

Internal exceptions (10 events):
Event: 979.359 Thread 0x00007fd7c832d800 Exception <a 'java/net/SocketTimeoutException'{0x00000000e30d0918}: Read timed out> (0x00000000e30d0918) thrown at [/build/openjdk-lts-Ae5PRQ/openjdk-lts-10.0.2+13/src/hotspot/share/prims/jni.cpp, line 632]
Event: 979.360 Thread 0x00007fd7b0b4b800 Exception <a 'java/net/SocketTimeoutException'{0x00000000e30ca780}: Read timed out> (0x00000000e30ca780) thrown at [/build/openjdk-lts-Ae5PRQ/openjdk-lts-10.0.2+13/src/hotspot/share/prims/jni.cpp, line 632]
Event: 979.371 Thread 0x00007fd7c832d800 Exception <a 'java/net/SocketTimeoutException'{0x00000000e312c4f8}: Read timed out> (0x00000000e312c4f8) thrown at [/build/openjdk-lts-Ae5PRQ/openjdk-lts-10.0.2+13/src/hotspot/share/prims/jni.cpp, line 632]
Event: 979.381 Thread 0x00007fd7c832d800 Exception <a 'java/net/SocketTimeoutException'{0x00000000e3138498}: Read timed out> (0x00000000e3138498) thrown at [/build/openjdk-lts-Ae5PRQ/openjdk-lts-10.0.2+13/src/hotspot/share/prims/jni.cpp, line 632]
Event: 979.385 Thread 0x00007fd7c832d800 Exception <a 'java/net/SocketTimeoutException'{0x00000000e314c310}: Read timed out> (0x00000000e314c310) thrown at [/build/openjdk-lts-Ae5PRQ/openjdk-lts-10.0.2+13/src/hotspot/share/prims/jni.cpp, line 632]
Event: 979.388 Thread 0x00007fd7c832d800 Exception <a 'java/net/SocketTimeoutException'{0x00000000e3157470}: Read timed out> (0x00000000e3157470) thrown at [/build/openjdk-lts-Ae5PRQ/openjdk-lts-10.0.2+13/src/hotspot/share/prims/jni.cpp, line 632]
Event: 979.571 Thread 0x00007fd7c832d800 Exception <a 'java/net/SocketTimeoutException'{0x00000000e0c63728}: Read timed out> (0x00000000e0c63728) thrown at [/build/openjdk-lts-Ae5PRQ/openjdk-lts-10.0.2+13/src/hotspot/share/prims/jni.cpp, line 632]
Event: 1005.002 Thread 0x00007fd7c832d800 Exception <a 'java/net/SocketTimeoutException'{0x00000000e0c65e90}: Read timed out> (0x00000000e0c65e90) thrown at [/build/openjdk-lts-Ae5PRQ/openjdk-lts-10.0.2+13/src/hotspot/share/prims/jni.cpp, line 632]
Event: 1094.210 Thread 0x00007fd7b0b4b800 Exception <a 'java/net/SocketTimeoutException'{0x00000000e0cdd920}: Read timed out> (0x00000000e0cdd920) thrown at [/build/openjdk-lts-Ae5PRQ/openjdk-lts-10.0.2+13/src/hotspot/share/prims/jni.cpp, line 632]
Event: 1094.689 Thread 0x00007fd7b0b4b800 Implicit null exception at 0x00007fd7d7a1b1de to 0x00007fd7d7a1c066

Events (10 events):
Event: 1068.036 Executing VM operation: RevokeBias done
Event: 1068.304 Executing VM operation: RevokeBias
Event: 1078.535 Executing VM operation: RevokeBias done
Event: 1078.537 Thread 0x00007fd7b0b4b800 Uncommon trap: trap_request=0xffffffde fr.pc=0x00007fd7d7dfd910 relative=0x0000000000002090
Event: 1079.230 Thread 0x00007fd7b0b4b800 DEOPT PACKING pc=0x00007fd7d7dfd910 sp=0x00007fd7afdd1330
Event: 1079.991 Thread 0x00007fd7b0b4b800 DEOPT UNPACKING pc=0x00007fd7cfb2ce25 sp=0x00007fd7afdd1320 mode 2
Event: 1094.896 Thread 0x00007fd7b0b4b800 Uncommon trap: trap_request=0xffffff55 fr.pc=0x00007fd7d7a1c0a4 relative=0x0000000000000fe4
Event: 1096.195 Thread 0x00007fd7b0b4b800 DEOPT PACKING pc=0x00007fd7d7a1c0a4 sp=0x00007fd7afdd0640
Event: 1098.313 Thread 0x00007fd7b0b4b800 DEOPT UNPACKING pc=0x00007fd7cfb2ce25 sp=0x00007fd7afdd0328 mode 2
Event: 1109.592 Thread 0x00007fd7b83d6800 Thread added: 0x00007fd7b83d6800


Dynamic libraries:
e0c00000-e3b90000 rw-p 00000000 00:00 0 
e3b90000-eb2a0000 ---p 00000000 00:00 0 
eb2a0000-f1192000 rw-p 00000000 00:00 0 
f1192000-100000000 ---p 00000000 00:00 0 
100000000-100920000 rw-p 00000000 00:00 0 
100920000-140000000 ---p 00000000 00:00 0 
55c3bf3e0000-55c3bf3e1000 r-xp 00000000 fc:01 256865                     /usr/lib/jvm/java-11-openjdk-amd64/bin/java
55c3bf5e1000-55c3bf5e2000 r--p 00001000 fc:01 256865                     /usr/lib/jvm/java-11-openjdk-amd64/bin/java
55c3bf5e2000-55c3bf5e3000 rw-p 00002000 fc:01 256865                     /usr/lib/jvm/java-11-openjdk-amd64/bin/java
55c3c0aef000-55c3c0b33000 rw-p 00000000 00:00 0                          [heap]
7fd7ab5ad000-7fd7ab5b1000 ---p 00000000 00:00 0 
7fd7ab5b1000-7fd7ab6ae000 rw-p 00000000 00:00 0 
7fd7ab6ae000-7fd7ab6b2000 ---p 00000000 00:00 0 
7fd7ab6b2000-7fd7ab7af000 rw-p 00000000 00:00 0 
7fd7ab7af000-7fd7ab7b3000 ---p 00000000 00:00 0 
7fd7ab7b3000-7fd7ab8b0000 rw-p 00000000 00:00 0 
7fd7ab8b0000-7fd7ab8b4000 ---p 00000000 00:00 0 
7fd7ab8b4000-7fd7ab9b1000 rw-p 00000000 00:00 0 
7fd7ab9b1000-7fd7ab9b5000 ---p 00000000 00:00 0 
7fd7ab9b5000-7fd7abab2000 rw-p 00000000 00:00 0 
7fd7abab2000-7fd7abab6000 ---p 00000000 00:00 0 
7fd7abab6000-7fd7abc73000 rw-p 00000000 00:00 0 
7fd7abc73000-7fd7abdb7000 ---p 00000000 00:00 0 
7fd7abdb7000-7fd7abeb4000 rw-p 00000000 00:00 0 
7fd7abeb4000-7fd7abeb8000 ---p 00000000 00:00 0 
7fd7abeb8000-7fd7abfb5000 rw-p 00000000 00:00 0 
7fd7abfb5000-7fd7abfb9000 ---p 00000000 00:00 0 
7fd7abfb9000-7fd7ac0b6000 rw-p 00000000 00:00 0 
7fd7ac0b6000-7fd7ac0ba000 ---p 00000000 00:00 0 
7fd7ac0ba000-7fd7ac1b7000 rw-p 00000000 00:00 0 
7fd7ac1b7000-7fd7ac1bb000 ---p 00000000 00:00 0 
7fd7ac1bb000-7fd7ac2b8000 rw-p 00000000 00:00 0 
7fd7ac2b8000-7fd7ac2bc000 ---p 00000000 00:00 0 
7fd7ac2bc000-7fd7ac3b9000 rw-p 00000000 00:00 0 
7fd7ac3b9000-7fd7ac3bd000 ---p 00000000 00:00 0 
7fd7ac3bd000-7fd7ac6ba000 rw-p 00000000 00:00 0 
7fd7ac6ba000-7fd7ac6be000 ---p 00000000 00:00 0 
7fd7ac6be000-7fd7ac7bb000 rw-p 00000000 00:00 0 
7fd7ac7bb000-7fd7ac7bf000 ---p 00000000 00:00 0 
7fd7ac7bf000-7fd7acabc000 rw-p 00000000 00:00 0 
7fd7acabc000-7fd7acac0000 ---p 00000000 00:00 0 
7fd7acac0000-7fd7acdbd000 rw-p 00000000 00:00 0 
7fd7acdc1000-7fd7acebe000 rw-p 00000000 00:00 0 
7fd7acebe000-7fd7acec2000 ---p 00000000 00:00 0 
7fd7acec2000-7fd7acfbf000 rw-p 00000000 00:00 0 
7fd7acfbf000-7fd7acfc3000 ---p 00000000 00:00 0 
7fd7acfc3000-7fd7ad0c0000 rw-p 00000000 00:00 0 
7fd7ad0c0000-7fd7ad0cd000 r-xp 00000000 fc:01 1256                       /tmp/libnetty_transport_native_epoll_x86_643791817989559266918.so (deleted)
7fd7ad0cd000-7fd7ad2cc000 ---p 0000d000 fc:01 1256                       /tmp/libnetty_transport_native_epoll_x86_643791817989559266918.so (deleted)
7fd7ad2cc000-7fd7ad2ce000 rw-p 0000c000 fc:01 1256                       /tmp/libnetty_transport_native_epoll_x86_643791817989559266918.so (deleted)
7fd7ad2ce000-7fd7ad2d2000 ---p 00000000 00:00 0 
7fd7ad2d2000-7fd7ad5cf000 rw-p 00000000 00:00 0 
7fd7ad5cf000-7fd7ad7cf000 rw-p 00000000 00:00 0 
7fd7ad7cf000-7fd7ad7d3000 ---p 00000000 00:00 0 
7fd7ad7d3000-7fd7adad0000 rw-p 00000000 00:00 0 
7fd7adad0000-7fd7adcd0000 rw-p 00000000 00:00 0 
7fd7adcd0000-7fd7afcd2000 rw-p 00000000 00:00 0 
7fd7afcd2000-7fd7afcd6000 ---p 00000000 00:00 0 
7fd7afcd6000-7fd7afdd3000 rw-p 00000000 00:00 0 
7fd7afdd3000-7fd7afdfb000 r-xp 00000000 fc:01 257041                     /usr/lib/jvm/java-11-openjdk-amd64/lib/libsunec.so
7fd7afdfb000-7fd7afffb000 ---p 00028000 fc:01 257041                     /usr/lib/jvm/java-11-openjdk-amd64/lib/libsunec.so
7fd7afffb000-7fd7affff000 r--p 00028000 fc:01 257041                     /usr/lib/jvm/java-11-openjdk-amd64/lib/libsunec.so
7fd7affff000-7fd7b0000000 rw-p 0002c000 fc:01 257041                     /usr/lib/jvm/java-11-openjdk-amd64/lib/libsunec.so
7fd7b0000000-7fd7b0cc8000 rw-p 00000000 00:00 0 
7fd7b0cc8000-7fd7b4000000 ---p 00000000 00:00 0 
7fd7b4000000-7fd7b4021000 rw-p 00000000 00:00 0 
7fd7b4021000-7fd7b8000000 ---p 00000000 00:00 0 
7fd7b8000000-7fd7b8479000 rw-p 00000000 00:00 0 
7fd7b8479000-7fd7bc000000 ---p 00000000 00:00 0 
7fd7bc000000-7fd7bf667000 rw-p 00000000 00:00 0 
7fd7bf667000-7fd7c0000000 ---p 00000000 00:00 0 
7fd7c0000000-7fd7c002f000 rw-p 00000000 00:00 0 
7fd7c002f000-7fd7c4000000 ---p 00000000 00:00 0 
7fd7c4000000-7fd7c40bc000 rw-p 00000000 00:00 0 
7fd7c40bc000-7fd7c8000000 ---p 00000000 00:00 0 
7fd7c8000000-7fd7c843b000 rw-p 00000000 00:00 0 
7fd7c843b000-7fd7cc000000 ---p 00000000 00:00 0 
7fd7cc05c000-7fd7cc05d000 r-xp 00000000 fc:01 257015                     /usr/lib/jvm/java-11-openjdk-amd64/lib/libextnet.so
7fd7cc05d000-7fd7cc25c000 ---p 00001000 fc:01 257015                     /usr/lib/jvm/java-11-openjdk-amd64/lib/libextnet.so
7fd7cc25c000-7fd7cc25d000 r--p 00000000 fc:01 257015                     /usr/lib/jvm/java-11-openjdk-amd64/lib/libextnet.so
7fd7cc25d000-7fd7cc25e000 rw-p 00001000 fc:01 257015                     /usr/lib/jvm/java-11-openjdk-amd64/lib/libextnet.so
7fd7cc25e000-7fd7cc262000 ---p 00000000 00:00 0 
7fd7cc262000-7fd7cc55f000 rw-p 00000000 00:00 0 
7fd7cc55f000-7fd7cc563000 ---p 00000000 00:00 0 
7fd7cc563000-7fd7cc660000 rw-p 00000000 00:00 0 
7fd7cc660000-7fd7cc664000 ---p 00000000 00:00 0 
7fd7cc664000-7fd7cc761000 rw-p 00000000 00:00 0 
7fd7cc84f000-7fd7cc853000 ---p 00000000 00:00 0 
7fd7cc853000-7fd7cc950000 rw-p 00000000 00:00 0 
7fd7cc950000-7fd7cc954000 ---p 00000000 00:00 0 
7fd7cc954000-7fd7ccc51000 rw-p 00000000 00:00 0 
7fd7ccd27000-7fd7ccd2b000 ---p 00000000 00:00 0 
7fd7ccd2b000-7fd7cce28000 rw-p 00000000 00:00 0 
7fd7cce28000-7fd7cce2c000 ---p 00000000 00:00 0 
7fd7cce2c000-7fd7ccf29000 rw-p 00000000 00:00 0 
7fd7cd019000-7fd7cd219000 rw-p 00000000 00:00 0 
7fd7cd219000-7fd7cd419000 rw-p 00000000 00:00 0 
7fd7cd419000-7fd7cd619000 rw-p 00000000 00:00 0 
7fd7cd619000-7fd7cd819000 rw-p 00000000 00:00 0 
7fd7cd819000-7fd7cda19000 rw-p 00000000 00:00 0 
7fd7cda19000-7fd7cdc19000 rw-p 00000000 00:00 0 
7fd7cdc19000-7fd7cde19000 rw-p 00000000 00:00 0 
7fd7cde19000-7fd7ce019000 rw-p 00000000 00:00 0 
7fd7ce019000-7fd7ce219000 rw-p 00000000 00:00 0 
7fd7ce219000-7fd7ce21e000 r-xp 00000000 fc:01 257033                     /usr/lib/jvm/java-11-openjdk-amd64/lib/libmanagement_ext.so
7fd7ce21e000-7fd7ce41d000 ---p 00005000 fc:01 257033                     /usr/lib/jvm/java-11-openjdk-amd64/lib/libmanagement_ext.so
7fd7ce41d000-7fd7ce41e000 r--p 00004000 fc:01 257033                     /usr/lib/jvm/java-11-openjdk-amd64/lib/libmanagement_ext.so
7fd7ce41e000-7fd7ce41f000 rw-p 00005000 fc:01 257033                     /usr/lib/jvm/java-11-openjdk-amd64/lib/libmanagement_ext.so
7fd7ce41f000-7fd7ce423000 r-xp 00000000 fc:01 257031                     /usr/lib/jvm/java-11-openjdk-amd64/lib/libmanagement.so
7fd7ce423000-7fd7ce622000 ---p 00004000 fc:01 257031                     /usr/lib/jvm/java-11-openjdk-amd64/lib/libmanagement.so
7fd7ce622000-7fd7ce623000 r--p 00003000 fc:01 257031                     /usr/lib/jvm/java-11-openjdk-amd64/lib/libmanagement.so
7fd7ce623000-7fd7ce624000 rw-p 00004000 fc:01 257031                     /usr/lib/jvm/java-11-openjdk-amd64/lib/libmanagement.so
7fd7ce624000-7fd7ce824000 rw-p 00000000 00:00 0 
7fd7ce824000-7fd7cea24000 rw-p 00000000 00:00 0 
7fd7cea24000-7fd7cea28000 ---p 00000000 00:00 0 
7fd7cea28000-7fd7ced25000 rw-p 00000000 00:00 0 
7fd7ced25000-7fd7cef25000 rw-p 00000000 00:00 0 
7fd7cef25000-7fd7cf125000 rw-p 00000000 00:00 0 
7fd7cf125000-7fd7cf325000 rw-p 00000000 00:00 0 
7fd7cf325000-7fd7cf525000 rw-p 00000000 00:00 0 
7fd7cf525000-7fd7cf725000 rw-p 00000000 00:00 0 
7fd7cf725000-7fd7cf925000 rw-p 00000000 00:00 0 
7fd7cf925000-7fd7cfb25000 rw-p 00000000 00:00 0 
7fd7cfb25000-7fd7cfd95000 rwxp 00000000 00:00 0 
7fd7cfd95000-7fd7d00b4000 ---p 00000000 00:00 0 
7fd7d00b4000-7fd7d1af4000 rwxp 00000000 00:00 0 
7fd7d1af4000-7fd7d75ec000 ---p 00000000 00:00 0 
7fd7d75ec000-7fd7d801c000 rwxp 00000000 00:00 0 
7fd7d801c000-7fd7deb25000 ---p 00000000 00:00 0 
7fd7deb25000-7fd7e8000000 r--s 00000000 fc:01 257045                     /usr/lib/jvm/java-11-openjdk-amd64/lib/modules
7fd7e8000000-7fd7e9087000 rw-p 00000000 00:00 0 
7fd7e9087000-7fd7ec000000 ---p 00000000 00:00 0 
7fd7ec00c000-7fd7ec010000 ---p 00000000 00:00 0 
7fd7ec010000-7fd7ec30d000 rw-p 00000000 00:00 0 
7fd7ec30d000-7fd7ec33e000 rw-p 00000000 00:00 0 
7fd7ec33e000-7fd7ec355000 r-xp 00000000 fc:01 257035                     /usr/lib/jvm/java-11-openjdk-amd64/lib/libnet.so
7fd7ec355000-7fd7ec554000 ---p 00017000 fc:01 257035                     /usr/lib/jvm/java-11-openjdk-amd64/lib/libnet.so
7fd7ec554000-7fd7ec555000 r--p 00016000 fc:01 257035                     /usr/lib/jvm/java-11-openjdk-amd64/lib/libnet.so
7fd7ec555000-7fd7ec556000 rw-p 00017000 fc:01 257035                     /usr/lib/jvm/java-11-openjdk-amd64/lib/libnet.so
7fd7ec556000-7fd7ec567000 r-xp 00000000 fc:01 257036                     /usr/lib/jvm/java-11-openjdk-amd64/lib/libnio.so
7fd7ec567000-7fd7ec766000 ---p 00011000 fc:01 257036                     /usr/lib/jvm/java-11-openjdk-amd64/lib/libnio.so
7fd7ec766000-7fd7ec767000 r--p 00010000 fc:01 257036                     /usr/lib/jvm/java-11-openjdk-amd64/lib/libnio.so
7fd7ec767000-7fd7ec768000 rw-p 00011000 fc:01 257036                     /usr/lib/jvm/java-11-openjdk-amd64/lib/libnio.so
7fd7ec768000-7fd7ec76c000 ---p 00000000 00:00 0 
7fd7ec76c000-7fd7ec869000 rw-p 00000000 00:00 0 
7fd7ec869000-7fd7ec86a000 ---p 00000000 00:00 0 
7fd7ec86a000-7fd7ec96b000 rw-p 00000000 00:00 0 
7fd7ec96b000-7fd7ec96f000 ---p 00000000 00:00 0 
7fd7ec96f000-7fd7eca6c000 rw-p 00000000 00:00 0 
7fd7eca6c000-7fd7eca70000 ---p 00000000 00:00 0 
7fd7eca70000-7fd7ecb6d000 rw-p 00000000 00:00 0 
7fd7ecb6d000-7fd7ecb71000 ---p 00000000 00:00 0 
7fd7ecb71000-7fd7ecc6e000 rw-p 00000000 00:00 0 
7fd7ecc6e000-7fd7ecc72000 ---p 00000000 00:00 0 
7fd7ecc72000-7fd7ecd6f000 rw-p 00000000 00:00 0 
7fd7ecd6f000-7fd7ecd73000 ---p 00000000 00:00 0 
7fd7ecd73000-7fd7ece70000 rw-p 00000000 00:00 0 
7fd7ece70000-7fd7ed199000 r--p 00000000 fc:01 342                        /usr/lib/locale/locale-archive
7fd7ed199000-7fd7ed19d000 ---p 00000000 00:00 0 
7fd7ed19d000-7fd7ed29a000 rw-p 00000000 00:00 0 
7fd7ed29a000-7fd7ed29e000 ---p 00000000 00:00 0 
7fd7ed29e000-7fd7ed39b000 rw-p 00000000 00:00 0 
7fd7ed39b000-7fd7ed39c000 ---p 00000000 00:00 0 
7fd7ed39c000-7fd7edd6e000 rw-p 00000000 00:00 0 
7fd7edd6e000-7fd7edd86000 rw-p 00000000 00:00 0 
7fd7edd86000-7fd7eddc1000 ---p 00000000 00:00 0 
7fd7eddc1000-7fd7eddf1000 rw-p 00000000 00:00 0 
7fd7eddf1000-7fd7ede68000 ---p 00000000 00:00 0 
7fd7ede68000-7fd7ede7e000 rw-p 00000000 00:00 0 
7fd7ede7e000-7fd7edf54000 ---p 00000000 00:00 0 
7fd7edf54000-7fd7edf89000 rw-p 00000000 00:00 0 
7fd7edf89000-7fd7ee03f000 ---p 00000000 00:00 0 
7fd7ee03f000-7fd7ee044000 r-xp 00000000 fc:01 257027                     /usr/lib/jvm/java-11-openjdk-amd64/lib/libjimage.so
7fd7ee044000-7fd7ee243000 ---p 00005000 fc:01 257027                     /usr/lib/jvm/java-11-openjdk-amd64/lib/libjimage.so
7fd7ee243000-7fd7ee244000 r--p 00004000 fc:01 257027                     /usr/lib/jvm/java-11-openjdk-amd64/lib/libjimage.so
7fd7ee244000-7fd7ee245000 rw-p 00005000 fc:01 257027                     /usr/lib/jvm/java-11-openjdk-amd64/lib/libjimage.so
7fd7ee245000-7fd7ee24c000 r-xp 00000000 fc:01 257044                     /usr/lib/jvm/java-11-openjdk-amd64/lib/libzip.so
7fd7ee24c000-7fd7ee44b000 ---p 00007000 fc:01 257044                     /usr/lib/jvm/java-11-openjdk-amd64/lib/libzip.so
7fd7ee44b000-7fd7ee44c000 r--p 00006000 fc:01 257044                     /usr/lib/jvm/java-11-openjdk-amd64/lib/libzip.so
7fd7ee44c000-7fd7ee44d000 rw-p 00007000 fc:01 257044                     /usr/lib/jvm/java-11-openjdk-amd64/lib/libzip.so
7fd7ee44d000-7fd7ee458000 r-xp 00000000 fc:01 1128                       /lib/x86_64-linux-gnu/libnss_files-2.27.so
7fd7ee458000-7fd7ee657000 ---p 0000b000 fc:01 1128                       /lib/x86_64-linux-gnu/libnss_files-2.27.so
7fd7ee657000-7fd7ee658000 r--p 0000a000 fc:01 1128                       /lib/x86_64-linux-gnu/libnss_files-2.27.so
7fd7ee658000-7fd7ee659000 rw-p 0000b000 fc:01 1128                       /lib/x86_64-linux-gnu/libnss_files-2.27.so
7fd7ee659000-7fd7ee65f000 rw-p 00000000 00:00 0 
7fd7ee65f000-7fd7ee676000 r-xp 00000000 fc:01 1122                       /lib/x86_64-linux-gnu/libnsl-2.27.so
7fd7ee676000-7fd7ee875000 ---p 00017000 fc:01 1122                       /lib/x86_64-linux-gnu/libnsl-2.27.so
7fd7ee875000-7fd7ee876000 r--p 00016000 fc:01 1122                       /lib/x86_64-linux-gnu/libnsl-2.27.so
7fd7ee876000-7fd7ee877000 rw-p 00017000 fc:01 1122                       /lib/x86_64-linux-gnu/libnsl-2.27.so
7fd7ee877000-7fd7ee879000 rw-p 00000000 00:00 0 
7fd7ee879000-7fd7ee884000 r-xp 00000000 fc:01 1132                       /lib/x86_64-linux-gnu/libnss_nis-2.27.so
7fd7ee884000-7fd7eea83000 ---p 0000b000 fc:01 1132                       /lib/x86_64-linux-gnu/libnss_nis-2.27.so
7fd7eea83000-7fd7eea84000 r--p 0000a000 fc:01 1132                       /lib/x86_64-linux-gnu/libnss_nis-2.27.so
7fd7eea84000-7fd7eea85000 rw-p 0000b000 fc:01 1132                       /lib/x86_64-linux-gnu/libnss_nis-2.27.so
7fd7eea85000-7fd7eea8d000 r-xp 00000000 fc:01 1124                       /lib/x86_64-linux-gnu/libnss_compat-2.27.so
7fd7eea8d000-7fd7eec8d000 ---p 00008000 fc:01 1124                       /lib/x86_64-linux-gnu/libnss_compat-2.27.so
7fd7eec8d000-7fd7eec8e000 r--p 00008000 fc:01 1124                       /lib/x86_64-linux-gnu/libnss_compat-2.27.so
7fd7eec8e000-7fd7eec8f000 rw-p 00009000 fc:01 1124                       /lib/x86_64-linux-gnu/libnss_compat-2.27.so
7fd7eec8f000-7fd7eecbb000 r-xp 00000000 fc:01 257022                     /usr/lib/jvm/java-11-openjdk-amd64/lib/libjava.so
7fd7eecbb000-7fd7eeeba000 ---p 0002c000 fc:01 257022                     /usr/lib/jvm/java-11-openjdk-amd64/lib/libjava.so
7fd7eeeba000-7fd7eeebb000 r--p 0002b000 fc:01 257022                     /usr/lib/jvm/java-11-openjdk-amd64/lib/libjava.so
7fd7eeebb000-7fd7eeebd000 rw-p 0002c000 fc:01 257022                     /usr/lib/jvm/java-11-openjdk-amd64/lib/libjava.so
7fd7eeebd000-7fd7eeeca000 r-xp 00000000 fc:01 257043                     /usr/lib/jvm/java-11-openjdk-amd64/lib/libverify.so
7fd7eeeca000-7fd7ef0c9000 ---p 0000d000 fc:01 257043                     /usr/lib/jvm/java-11-openjdk-amd64/lib/libverify.so
7fd7ef0c9000-7fd7ef0cb000 r--p 0000c000 fc:01 257043                     /usr/lib/jvm/java-11-openjdk-amd64/lib/libverify.so
7fd7ef0cb000-7fd7ef0cc000 rw-p 0000e000 fc:01 257043                     /usr/lib/jvm/java-11-openjdk-amd64/lib/libverify.so
7fd7ef0cc000-7fd7ef0d3000 r-xp 00000000 fc:01 1154                       /lib/x86_64-linux-gnu/librt-2.27.so
7fd7ef0d3000-7fd7ef2d2000 ---p 00007000 fc:01 1154                       /lib/x86_64-linux-gnu/librt-2.27.so
7fd7ef2d2000-7fd7ef2d3000 r--p 00006000 fc:01 1154                       /lib/x86_64-linux-gnu/librt-2.27.so
7fd7ef2d3000-7fd7ef2d4000 rw-p 00007000 fc:01 1154                       /lib/x86_64-linux-gnu/librt-2.27.so
7fd7ef2d4000-7fd7ef2eb000 r-xp 00000000 fc:01 1282                       /lib/x86_64-linux-gnu/libgcc_s.so.1
7fd7ef2eb000-7fd7ef4ea000 ---p 00017000 fc:01 1282                       /lib/x86_64-linux-gnu/libgcc_s.so.1
7fd7ef4ea000-7fd7ef4eb000 r--p 00016000 fc:01 1282                       /lib/x86_64-linux-gnu/libgcc_s.so.1
7fd7ef4eb000-7fd7ef4ec000 rw-p 00017000 fc:01 1282                       /lib/x86_64-linux-gnu/libgcc_s.so.1
7fd7ef4ec000-7fd7ef689000 r-xp 00000000 fc:01 1107                       /lib/x86_64-linux-gnu/libm-2.27.so
7fd7ef689000-7fd7ef888000 ---p 0019d000 fc:01 1107                       /lib/x86_64-linux-gnu/libm-2.27.so
7fd7ef888000-7fd7ef889000 r--p 0019c000 fc:01 1107                       /lib/x86_64-linux-gnu/libm-2.27.so
7fd7ef889000-7fd7ef88a000 rw-p 0019d000 fc:01 1107                       /lib/x86_64-linux-gnu/libm-2.27.so
7fd7ef88a000-7fd7efa03000 r-xp 00000000 fc:01 1305                       /usr/lib/x86_64-linux-gnu/libstdc++.so.6.0.25
7fd7efa03000-7fd7efc03000 ---p 00179000 fc:01 1305                       /usr/lib/x86_64-linux-gnu/libstdc++.so.6.0.25
7fd7efc03000-7fd7efc0d000 r--p 00179000 fc:01 1305                       /usr/lib/x86_64-linux-gnu/libstdc++.so.6.0.25
7fd7efc0d000-7fd7efc0f000 rw-p 00183000 fc:01 1305                       /usr/lib/x86_64-linux-gnu/libstdc++.so.6.0.25
7fd7efc0f000-7fd7efc13000 rw-p 00000000 00:00 0 
7fd7efc13000-7fd7f0bb0000 r-xp 00000000 fc:01 256543                     /usr/lib/jvm/java-11-openjdk-amd64/lib/server/libjvm.so
7fd7f0bb0000-7fd7f0db0000 ---p 00f9d000 fc:01 256543                     /usr/lib/jvm/java-11-openjdk-amd64/lib/server/libjvm.so
7fd7f0db0000-7fd7f0e74000 r--p 00f9d000 fc:01 256543                     /usr/lib/jvm/java-11-openjdk-amd64/lib/server/libjvm.so
7fd7f0e74000-7fd7f0eac000 rw-p 01061000 fc:01 256543                     /usr/lib/jvm/java-11-openjdk-amd64/lib/server/libjvm.so
7fd7f0eac000-7fd7f0ef5000 rw-p 00000000 00:00 0 
7fd7f0ef5000-7fd7f0f0f000 r-xp 00000000 fc:01 1148                       /lib/x86_64-linux-gnu/libpthread-2.27.so
7fd7f0f0f000-7fd7f110e000 ---p 0001a000 fc:01 1148                       /lib/x86_64-linux-gnu/libpthread-2.27.so
7fd7f110e000-7fd7f110f000 r--p 00019000 fc:01 1148                       /lib/x86_64-linux-gnu/libpthread-2.27.so
7fd7f110f000-7fd7f1110000 rw-p 0001a000 fc:01 1148                       /lib/x86_64-linux-gnu/libpthread-2.27.so
7fd7f1110000-7fd7f1114000 rw-p 00000000 00:00 0 
7fd7f1114000-7fd7f1117000 r-xp 00000000 fc:01 1078                       /lib/x86_64-linux-gnu/libdl-2.27.so
7fd7f1117000-7fd7f1316000 ---p 00003000 fc:01 1078                       /lib/x86_64-linux-gnu/libdl-2.27.so
7fd7f1316000-7fd7f1317000 r--p 00002000 fc:01 1078                       /lib/x86_64-linux-gnu/libdl-2.27.so
7fd7f1317000-7fd7f1318000 rw-p 00003000 fc:01 1078                       /lib/x86_64-linux-gnu/libdl-2.27.so
7fd7f1318000-7fd7f1334000 r-xp 00000000 fc:01 1179                       /lib/x86_64-linux-gnu/libz.so.1.2.11
7fd7f1334000-7fd7f1533000 ---p 0001c000 fc:01 1179                       /lib/x86_64-linux-gnu/libz.so.1.2.11
7fd7f1533000-7fd7f1534000 r--p 0001b000 fc:01 1179                       /lib/x86_64-linux-gnu/libz.so.1.2.11
7fd7f1534000-7fd7f1535000 rw-p 0001c000 fc:01 1179                       /lib/x86_64-linux-gnu/libz.so.1.2.11
7fd7f1535000-7fd7f171c000 r-xp 00000000 fc:01 1061                       /lib/x86_64-linux-gnu/libc-2.27.so
7fd7f171c000-7fd7f191c000 ---p 001e7000 fc:01 1061                       /lib/x86_64-linux-gnu/libc-2.27.so
7fd7f191c000-7fd7f1920000 r--p 001e7000 fc:01 1061                       /lib/x86_64-linux-gnu/libc-2.27.so
7fd7f1920000-7fd7f1922000 rw-p 001eb000 fc:01 1061                       /lib/x86_64-linux-gnu/libc-2.27.so
7fd7f1922000-7fd7f1926000 rw-p 00000000 00:00 0 
7fd7f1926000-7fd7f1935000 r-xp 00000000 fc:01 257005                     /usr/lib/jvm/java-11-openjdk-amd64/lib/jli/libjli.so
7fd7f1935000-7fd7f1b34000 ---p 0000f000 fc:01 257005                     /usr/lib/jvm/java-11-openjdk-amd64/lib/jli/libjli.so
7fd7f1b34000-7fd7f1b35000 r--p 0000e000 fc:01 257005                     /usr/lib/jvm/java-11-openjdk-amd64/lib/jli/libjli.so
7fd7f1b35000-7fd7f1b36000 rw-p 0000f000 fc:01 257005                     /usr/lib/jvm/java-11-openjdk-amd64/lib/jli/libjli.so
7fd7f1b36000-7fd7f1b5d000 r-xp 00000000 fc:01 1037                       /lib/x86_64-linux-gnu/ld-2.27.so
7fd7f1b6e000-7fd7f1bc6000 rw-p 00000000 00:00 0 
7fd7f1bc6000-7fd7f1c3d000 ---p 00000000 00:00 0 
7fd7f1c3d000-7fd7f1c42000 rw-p 00000000 00:00 0 
7fd7f1c42000-7fd7f1c49000 ---p 00000000 00:00 0 
7fd7f1c49000-7fd7f1c51000 rw-s 00000000 fc:01 259186                     /tmp/hsperfdata_ether1/7959
7fd7f1c51000-7fd7f1c55000 ---p 00000000 00:00 0 
7fd7f1c55000-7fd7f1d54000 rw-p 00000000 00:00 0 
7fd7f1d59000-7fd7f1d5a000 ---p 00000000 00:00 0 
7fd7f1d5a000-7fd7f1d5b000 r--p 00000000 00:00 0 
7fd7f1d5b000-7fd7f1d5d000 rw-p 00000000 00:00 0 
7fd7f1d5d000-7fd7f1d5e000 r--p 00027000 fc:01 1037                       /lib/x86_64-linux-gnu/ld-2.27.so
7fd7f1d5e000-7fd7f1d5f000 rw-p 00028000 fc:01 1037                       /lib/x86_64-linux-gnu/ld-2.27.so
7fd7f1d5f000-7fd7f1d60000 rw-p 00000000 00:00 0 
7fff5f718000-7fff5f739000 rw-p 00000000 00:00 0                          [stack]
7fff5f7c4000-7fff5f7c7000 r--p 00000000 00:00 0                          [vvar]
7fff5f7c7000-7fff5f7c9000 r-xp 00000000 00:00 0                          [vdso]
ffffffffff600000-ffffffffff601000 r-xp 00000000 00:00 0                  [vsyscall]


VM Arguments:
jvm_args: -Dclassworlds.conf=/usr/share/maven/bin/m2.conf -Dmaven.home=/usr/share/maven -Dlibrary.jansi.path=/usr/share/maven/lib/jansi-native -Dmaven.multiModuleProjectDirectory=/home/ether1/explorer-api 
java_command: org.codehaus.plexus.classworlds.launcher.Launcher spring-boot:run
java_class_path (initial): /usr/share/maven/boot/plexus-classworlds-2.x.jar
Launcher Type: SUN_STANDARD

Logging:
Log output configuration:
#0: stdout all=warning uptime,level,tags
#1: stderr all=off uptime,level,tags

Environment Variables:
PATH=/usr/local/sbin:/usr/local/bin:/usr/sbin:/usr/bin:/sbin:/bin:/usr/games:/usr/local/games:/snap/bin
SHELL=/bin/bash

Signal Handlers:
SIGSEGV: [libjvm.so+0xd28b70], sa_mask[0]=11111111011111111101111111111110, sa_flags=SA_RESTART|SA_SIGINFO
SIGBUS: [libjvm.so+0xd28b70], sa_mask[0]=11111111011111111101111111111110, sa_flags=SA_RESTART|SA_SIGINFO
SIGFPE: [libjvm.so+0xd28b70], sa_mask[0]=11111111011111111101111111111110, sa_flags=SA_RESTART|SA_SIGINFO
SIGPIPE: [libjvm.so+0xb2a1f0], sa_mask[0]=11111111011111111101111111111110, sa_flags=SA_RESTART|SA_SIGINFO
SIGXFSZ: [libjvm.so+0xb2a1f0], sa_mask[0]=11111111011111111101111111111110, sa_flags=SA_RESTART|SA_SIGINFO
SIGILL: [libjvm.so+0xd28b70], sa_mask[0]=11111111011111111101111111111110, sa_flags=SA_RESTART|SA_SIGINFO
SIGUSR2: [libjvm.so+0xb2a030], sa_mask[0]=00000000000000000000000000000000, sa_flags=SA_RESTART|SA_SIGINFO
SIGHUP: [libjvm.so+0xb2a180], sa_mask[0]=11111111011111111101111111111110, sa_flags=SA_RESTART|SA_SIGINFO
SIGINT: [libjvm.so+0xb2a180], sa_mask[0]=11111111011111111101111111111110, sa_flags=SA_RESTART|SA_SIGINFO
SIGTERM: [libjvm.so+0xb2a180], sa_mask[0]=11111111011111111101111111111110, sa_flags=SA_RESTART|SA_SIGINFO
SIGQUIT: [libjvm.so+0xb2a180], sa_mask[0]=11111111011111111101111111111110, sa_flags=SA_RESTART|SA_SIGINFO


---------------  S Y S T E M  ---------------

OS:DISTRIB_ID=Ubuntu
DISTRIB_RELEASE=18.04
DISTRIB_CODENAME=bionic
DISTRIB_DESCRIPTION="Ubuntu 18.04.1 LTS"
uname:Linux 4.15.0-36-generic #39-Ubuntu SMP Mon Sep 24 16:19:09 UTC 2018 x86_64
libc:glibc 2.27 NPTL 2.27 
rlimit: STACK 8192k, CORE 0k, NPROC 7733, NOFILE 1048576, AS infinity, DATA infinity, FSIZE infinity
load average:12.76 13.03 11.17

/proc/meminfo:
MemTotal:        2041232 kB
MemFree:           60516 kB
MemAvailable:          0 kB
Buffers:             104 kB
Cached:             2508 kB
SwapCached:            0 kB
Active:          1889504 kB
Inactive:           1500 kB
Active(anon):    1888792 kB
Inactive(anon):      240 kB
Active(file):        712 kB
Inactive(file):     1260 kB
Unevictable:           0 kB
Mlocked:               0 kB
SwapTotal:             0 kB
SwapFree:              0 kB
Dirty:                 4 kB
Writeback:             0 kB
AnonPages:       1888412 kB
Mapped:             1052 kB
Shmem:               620 kB
Slab:              44488 kB
SReclaimable:      18352 kB
SUnreclaim:        26136 kB
KernelStack:        4448 kB
PageTables:         9540 kB
NFS_Unstable:          0 kB
Bounce:                0 kB
WritebackTmp:          0 kB
CommitLimit:     1020616 kB
Committed_AS:    2705344 kB
VmallocTotal:   34359738367 kB
VmallocUsed:           0 kB
VmallocChunk:          0 kB
HardwareCorrupted:     0 kB
AnonHugePages:     28672 kB
ShmemHugePages:        0 kB
ShmemPmdMapped:        0 kB
CmaTotal:              0 kB
CmaFree:               0 kB
HugePages_Total:       0
HugePages_Free:        0
HugePages_Rsvd:        0
HugePages_Surp:        0
Hugepagesize:       2048 kB
DirectMap4k:      108400 kB
DirectMap2M:     1988608 kB
DirectMap1G:           0 kB

container (cgroup) information:
container_type: cgroupv1
cpu_cpuset_cpus: 0
cpu_memory_nodes: 0
active_processor_count: 1
cpu_quota: -1
cpu_period: 100000
cpu_shares: -1
memory_limit_in_bytes: -1
memory_and_swap_limit_in_bytes: -2
memory_soft_limit_in_bytes: -1
memory_usage_in_bytes: 446722048
memory_max_usage_in_bytes: 733970432


CPU:total 1 (initial active 1) (1 cores per cpu, 1 threads per core) family 6 model 85 stepping 4, cmov, cx8, fxsr, mmx, sse, sse2, sse3, ssse3, sse4.1, sse4.2, popcnt, avx, avx2, aes, clmul, erms, rtm, lzcnt, tsc, bmi1, bmi2, evex, fma
CPU Model and flags from /proc/cpuinfo:
model name	: Virtual CPU 82d9ed4018dd
flags		: fpu vme de pse tsc msr pae mce cx8 apic sep mtrr pge mca cmov pat pse36 clflush mmx fxsr sse sse2 syscall nx pdpe1gb rdtscp lm constant_tsc rep_good nopl xtopology cpuid pni pclmulqdq ssse3 fma cx16 pcid sse4_1 sse4_2 x2apic movbe popcnt tsc_deadline_timer aes xsave avx f16c rdrand hypervisor lahf_lm abm cpuid_fault invpcid_single pti fsgsbase bmi1 hle avx2 smep bmi2 erms invpcid rtm avx512f avx512dq clwb avx512cd avx512bw avx512vl xsaveopt arat

Memory: 4k page, physical 2041232k(60508k free), swap 0k(0k free)

vm_info: OpenJDK 64-Bit Server VM (10.0.2+13-Ubuntu-1ubuntu0.18.04.4) for linux-amd64 JRE (10.0.2+13-Ubuntu-1ubuntu0.18.04.4), built on Nov 13 2018 12:53:39 by "buildd" with gcc 7.3.0

END.
