#
# There is insufficient memory for the Java Runtime Environment to continue.
# Native memory allocation (mmap) failed to map 16384 bytes for committing reserved memory.
# Possible reasons:
#   The system is out of physical RAM or swap space
#   The process is running with CompressedOops enabled, and the Java Heap may be blocking the growth of the native heap
# Possible solutions:
#   Reduce memory load on the system
#   Increase physical memory or swap space
#   Check if swap backing store is full
#   Decrease Java heap size (-Xmx/-Xms)
#   Decrease number of Java threads
#   Decrease Java thread stack sizes (-Xss)
#   Set larger code cache with -XX:ReservedCodeCacheSize=
#   JVM is running with Unscaled Compressed Oops mode in which the Java heap is
#     placed in the first 4GB address space. The Java Heap base address is the
#     maximum limit for the native heap growth. Please use -XX:HeapBaseMinAddress
#     to set the Java Heap base and to place the Java Heap above 4GB virtual address.
# This output file may be truncated or incomplete.
#
#  Out of Memory Error (os_linux.cpp:2706), pid=2854, tid=6899
#
# JRE version: OpenJDK Runtime Environment (10.0.2+13) (build 10.0.2+13-Ubuntu-1ubuntu0.18.04.4)
# Java VM: OpenJDK 64-Bit Server VM (10.0.2+13-Ubuntu-1ubuntu0.18.04.4, mixed mode, tiered, compressed oops, serial gc, linux-amd64)
# Core dump will be written. Default location: Core dumps may be processed with "/usr/share/apport/apport %p %s %c %d %P" (or dumping to /home/ether1/explorer-api/core.2854)
#

---------------  S U M M A R Y ------------

Command Line: -Dclassworlds.conf=/usr/share/maven/bin/m2.conf -Dmaven.home=/usr/share/maven -Dlibrary.jansi.path=/usr/share/maven/lib/jansi-native -Dmaven.multiModuleProjectDirectory=/home/ether1/explorer-api org.codehaus.plexus.classworlds.launcher.Launcher spring-boot:run

Host: Virtual CPU 82d9ed4018dd, 1 cores, 1G, Ubuntu 18.04.1 LTS
Time: Fri Dec 28 03:17:10 2018 UTC elapsed time: 4092 seconds (0d 1h 8m 12s)

---------------  T H R E A D  ---------------

Current thread (0x00007f5c11639800):  JavaThread "Okio Watchdog" daemon [_thread_new, id=6899, stack(0x00007f5bfed1e000,0x00007f5bfee1f000)]

Stack: [0x00007f5bfed1e000,0x00007f5bfee1f000],  sp=0x00007f5bfee1db60,  free space=1022k
Native frames: (J=compiled Java code, A=aot compiled Java code, j=interpreted, Vv=VM code, C=native code)
V  [libjvm.so+0xd27ea4]
V  [libjvm.so+0xd28a4b]
V  [libjvm.so+0x64d415]
V  [libjvm.so+0xb2d258]
V  [libjvm.so+0xb25bdf]
V  [libjvm.so+0xb2e768]
V  [libjvm.so+0xcc5712]
V  [libjvm.so+0xb33d40]
C  [libpthread.so.0+0x76db]  start_thread+0xdb


---------------  P R O C E S S  ---------------

Threads class SMR info:
_java_thread_list=0x00007f5c04b9f670, length=29, elements={
0x00007f5c3c011000, 0x00007f5c3c08a800, 0x00007f5c3c08c800, 0x00007f5c3c0a0000,
0x00007f5c3c0a2000, 0x00007f5c3c0a4000, 0x00007f5c3c0a6000, 0x00007f5c3c107000,
0x00007f5c3c11c800, 0x00007f5c10518000, 0x00007f5c10519000, 0x00007f5c1186d000,
0x00007f5c1006d800, 0x00007f5c14003000, 0x00007f5c1094b800, 0x00007f5c0435d800,
0x00007f5c11535000, 0x00007f5c10ebb000, 0x00007f5c1010b000, 0x00007f5c10503000,
0x00007f5c114a9000, 0x00007f5c114aa000, 0x00007f5c14053000, 0x00007f5c1407b000,
0x00007f5c12096800, 0x00007f5c3cd16000, 0x00007f5c3c3af000, 0x00007f5c3c3d4000,
0x00007f5c11639800
}

Java Threads: ( => current thread )
  0x00007f5c3c011000 JavaThread "main" [_thread_blocked, id=2876, stack(0x00007f5c43a69000,0x00007f5c43b6a000)]
  0x00007f5c3c08a800 JavaThread "Reference Handler" daemon [_thread_blocked, id=2878, stack(0x00007f5c22bd5000,0x00007f5c22cd6000)]
  0x00007f5c3c08c800 JavaThread "Finalizer" daemon [_thread_blocked, id=2879, stack(0x00007f5c22ad4000,0x00007f5c22bd5000)]
  0x00007f5c3c0a0000 JavaThread "Signal Dispatcher" daemon [_thread_blocked, id=2880, stack(0x00007f5c226aa000,0x00007f5c227ab000)]
  0x00007f5c3c0a2000 JavaThread "C2 CompilerThread0" daemon [_thread_in_native, id=2881, stack(0x00007f5c225a9000,0x00007f5c226aa000)]
  0x00007f5c3c0a4000 JavaThread "C1 CompilerThread1" daemon [_thread_in_vm, id=2882, stack(0x00007f5c224a8000,0x00007f5c225a9000)]
  0x00007f5c3c0a6000 JavaThread "Sweeper thread" daemon [_thread_blocked, id=2883, stack(0x00007f5c223a7000,0x00007f5c224a8000)]
  0x00007f5c3c107000 JavaThread "Service Thread" daemon [_thread_blocked, id=2884, stack(0x00007f5c222a6000,0x00007f5c223a7000)]
  0x00007f5c3c11c800 JavaThread "Common-Cleaner" daemon [_thread_blocked, id=2886, stack(0x00007f5c220a3000,0x00007f5c221a4000)]
  0x00007f5c10518000 JavaThread "reactor-http-nio-1" daemon [_thread_blocked, id=2890, stack(0x00007f5c20846000,0x00007f5c20947000)]
  0x00007f5c10519000 JavaThread "reactor-http-nio-2" daemon [_thread_blocked, id=2891, stack(0x00007f5c032ff000,0x00007f5c03400000)]
  0x00007f5c1186d000 JavaThread "reactor-http-nio-3" daemon [_thread_blocked, id=2892, stack(0x00007f5c02b3d000,0x00007f5c02c3e000)]
  0x00007f5c1006d800 JavaThread "reactor-http-nio-4" daemon [_thread_blocked, id=2893, stack(0x00007f5c02a3c000,0x00007f5c02b3d000)]
  0x00007f5c14003000 JavaThread "ObjectCleanerThread" daemon [_thread_blocked, id=2894, stack(0x00007f5c0293b000,0x00007f5c02a3c000)]
  0x00007f5c1094b800 JavaThread "cluster-ClusterId{value='5c2585c57122f90b26bae088', description='null'}-localhost:27017" daemon [_thread_blocked, id=2895, stack(0x00007f5c0263a000,0x00007f5c0273b000)]
  0x00007f5c0435d800 JavaThread "nioEventLoopGroup-2-1" [_thread_blocked, id=2896, stack(0x00007f5c0210a000,0x00007f5c0220b000)]
  0x00007f5c11535000 JavaThread "cluster-ClusterId{value='5c2585c57122f90b26bae089', description='null'}-localhost:27017" daemon [_thread_blocked, id=2898, stack(0x00007f5bffe07000,0x00007f5bfff08000)]
  0x00007f5c10ebb000 JavaThread "CleanCursors-1-thread-1" daemon [_thread_blocked, id=2899, stack(0x00007f5bffd06000,0x00007f5bffe07000)]
  0x00007f5c1010b000 JavaThread "nioEventLoopGroup-2-2" [_thread_blocked, id=2901, stack(0x00007f5bffa05000,0x00007f5bffb06000)]
  0x00007f5c10503000 JavaThread "parallel-1" daemon [_thread_blocked, id=2904, stack(0x00007f5bff22f000,0x00007f5bff330000)]
  0x00007f5c114a9000 JavaThread "reactor-http-server-epoll-5" daemon [_thread_blocked, id=2905, stack(0x00007f5bfef20000,0x00007f5bff021000)]
  0x00007f5c114aa000 JavaThread "server" [_thread_blocked, id=2906, stack(0x00007f5bfee1f000,0x00007f5bfef20000)]
  0x00007f5c14053000 JavaThread "OkHttp ConnectionPool" daemon [_thread_blocked, id=2907, stack(0x00007f5c20b47000,0x00007f5c20c48000)]
  0x00007f5c1407b000 JavaThread "pool-2-thread-1" [_thread_in_vm, id=2909, stack(0x00007f5bfea1d000,0x00007f5bfeb1e000)]
  0x00007f5c12096800 JavaThread "AsyncGetter-2-thread-1" daemon [_thread_blocked, id=3326, stack(0x00007f5bfe81b000,0x00007f5bfe91c000)]
  0x00007f5c3cd16000 JavaThread "reactor-http-server-epoll-6" daemon [_thread_blocked, id=4114, stack(0x00007f5bfdb10000,0x00007f5bfdc11000)]
  0x00007f5c3c3af000 JavaThread "reactor-http-server-epoll-7" daemon [_thread_blocked, id=4115, stack(0x00007f5bfe91c000,0x00007f5bfea1d000)]
  0x00007f5c3c3d4000 JavaThread "reactor-http-server-epoll-8" daemon [_thread_blocked, id=5904, stack(0x00007f5bfe217000,0x00007f5bfe318000)]
=>0x00007f5c11639800 JavaThread "Okio Watchdog" daemon [_thread_new, id=6899, stack(0x00007f5bfed1e000,0x00007f5bfee1f000)]

Other Threads:
  0x00007f5c3c080800 VMThread "VM Thread" [stack: 0x00007f5c22cd8000,0x00007f5c22dd8000] [id=2877] _threads_hazard_ptr=0x00007f5c04b9f670
  0x00007f5c3c109000 WatcherThread [stack: 0x00007f5c221a6000,0x00007f5c222a6000] [id=2885]

Threads with active compile tasks:
C2 CompilerThread016549       4       java.lang.StackTraceElement::isNativeMethod (15 bytes)
C1 CompilerThread116554       3       sun.nio.cs.StreamEncoder::writeBytes (132 bytes)

VM state:synchronizing (normal execution)

VM Mutex/Monitor currently owned by a thread:  ([mutex/lock_event])
[0x00007f5c3c00d340] Safepoint_lock - owner thread: 0x00007f5c3c080800
[0x00007f5c3c00d3d0] Threads_lock - owner thread: 0x00007f5c3c080800
[0x00007f5c3c00d970] Heap_lock - owner thread: 0x00007f5c11535000

Heap address: 0x00000000e0c00000, size: 500 MB, Compressed Oops mode: 32-bit
Narrow klass base: 0x0000000000000000, Narrow klass shift: 3
Compressed class space size: 1073741824 Address: 0x0000000100000000

Heap:
 def new generation   total 47424K, used 42763K [0x00000000e0c00000, 0x00000000e3f70000, 0x00000000eb2a0000)
  eden space 42176K, 100% used [0x00000000e0c00000, 0x00000000e3530000, 0x00000000e3530000)
  from space 5248K,  11% used [0x00000000e3530000, 0x00000000e35c2db8, 0x00000000e3a50000)
  to   space 5248K,   0% used [0x00000000e3a50000, 0x00000000e3a50000, 0x00000000e3f70000)
 tenured generation   total 105176K, used 78869K [0x00000000eb2a0000, 0x00000000f1956000, 0x0000000100000000)
   the space 105176K,  74% used [0x00000000eb2a0000, 0x00000000effa5748, 0x00000000effa5800, 0x00000000f1956000)
 Metaspace       used 75278K, capacity 77246K, committed 77952K, reserved 1118208K
  class space    used 8442K, capacity 9187K, committed 9344K, reserved 1048576K

Card table byte_map: [0x00007f5c2364e000,0x00007f5c23749000] byte_map_base: 0x00007f5c22f48000

Polling page: 0x00007f5c43b71000

CodeHeap 'non-profiled nmethods': size=120036Kb used=10103Kb max_used=10107Kb free=109933Kb
 bounds [0x00007f5c2b3e6000, 0x00007f5c2bde6000, 0x00007f5c3291f000]
CodeHeap 'profiled nmethods': size=120032Kb used=17323Kb max_used=26764Kb free=102708Kb
 bounds [0x00007f5c23eae000, 0x00007f5c258de000, 0x00007f5c2b3e6000]
CodeHeap 'non-nmethods': size=5692Kb used=1217Kb max_used=1264Kb free=4474Kb
 bounds [0x00007f5c2391f000, 0x00007f5c23b8f000, 0x00007f5c23eae000]
 total_blobs=22574 nmethods=11527 adapters=501
 compilation: enabled

Compilation events (10 events):
Event: 3761.547 Thread 0x00007f5c3c0a4000 16538       1       rx.Subscriber::onStart (1 bytes)
Event: 3761.582 Thread 0x00007f5c3c0a4000 nmethod 16538 0x00007f5c2bcb3d10 code [0x00007f5c2bcb3ec0, 0x00007f5c2bcb3fd0]
Event: 3821.362 Thread 0x00007f5c3c0a2000 16539       4       java.util.Collections$EmptySet::iterator (4 bytes)
Event: 3821.446 Thread 0x00007f5c3c0a2000 nmethod 16539 0x00007f5c2b80fd10 code [0x00007f5c2b80fea0, 0x00007f5c2b80ff18]
Event: 3872.370 Thread 0x00007f5c3c0a4000 16540       3       com.mongodb.connection.DefaultServer$DefaultServerStateListener::stateChanged (58 bytes)
Event: 3872.422 Thread 0x00007f5c3c0a4000 nmethod 16540 0x00007f5c247a1390 code [0x00007f5c247a1580, 0x00007f5c247a1a38]
Event: 3872.422 Thread 0x00007f5c3c0a4000 16541       3       com.mongodb.connection.DefaultServer::access$802 (7 bytes)
Event: 3872.422 Thread 0x00007f5c3c0a4000 nmethod 16541 0x00007f5c24474f90 code [0x00007f5c24475140, 0x00007f5c24475290]
Event: 4079.814 Thread 0x00007f5c3c0a4000 16548       3       java.math.BigInteger::<init> (77 bytes)
Event: 4086.949 Thread 0x00007f5c3c0a2000 16549       4       java.lang.StackTraceElement::isNativeMethod (15 bytes)

GC Heap History (10 events):
Event: 3764.911 GC heap before
{Heap before GC invocations=3631 (full 8):
 def new generation   total 47424K, used 43183K [0x00000000e0c00000, 0x00000000e3f70000, 0x00000000eb2a0000)
  eden space 42176K, 100% used [0x00000000e0c00000, 0x00000000e3530000, 0x00000000e3530000)
  from space 5248K,  19% used [0x00000000e3a50000, 0x00000000e3b4bf88, 0x00000000e3f70000)
  to   space 5248K,   0% used [0x00000000e3530000, 0x00000000e3530000, 0x00000000e3a50000)
 tenured generation   total 105176K, used 78866K [0x00000000eb2a0000, 0x00000000f1956000, 0x0000000100000000)
   the space 105176K,  74% used [0x00000000eb2a0000, 0x00000000effa49b0, 0x00000000effa4a00, 0x00000000f1956000)
 Metaspace       used 75278K, capacity 77246K, committed 77952K, reserved 1118208K
  class space    used 8442K, capacity 9187K, committed 9344K, reserved 1048576K
}
Event: 3764.940 GC heap after
{Heap after GC invocations=3632 (full 8):
 def new generation   total 47424K, used 1108K [0x00000000e0c00000, 0x00000000e3f70000, 0x00000000eb2a0000)
  eden space 42176K,   0% used [0x00000000e0c00000, 0x00000000e0c00000, 0x00000000e3530000)
  from space 5248K,  21% used [0x00000000e3530000, 0x00000000e3645230, 0x00000000e3a50000)
  to   space 5248K,   0% used [0x00000000e3a50000, 0x00000000e3a50000, 0x00000000e3f70000)
 tenured generation   total 105176K, used 78866K [0x00000000eb2a0000, 0x00000000f1956000, 0x0000000100000000)
   the space 105176K,  74% used [0x00000000eb2a0000, 0x00000000effa49b0, 0x00000000effa4a00, 0x00000000f1956000)
 Metaspace       used 75278K, capacity 77246K, committed 77952K, reserved 1118208K
  class space    used 8442K, capacity 9187K, committed 9344K, reserved 1048576K
}
Event: 3765.598 GC heap before
{Heap before GC invocations=3632 (full 8):
 def new generation   total 47424K, used 43284K [0x00000000e0c00000, 0x00000000e3f70000, 0x00000000eb2a0000)
  eden space 42176K, 100% used [0x00000000e0c00000, 0x00000000e3530000, 0x00000000e3530000)
  from space 5248K,  21% used [0x00000000e3530000, 0x00000000e3645230, 0x00000000e3a50000)
  to   space 5248K,   0% used [0x00000000e3a50000, 0x00000000e3a50000, 0x00000000e3f70000)
 tenured generation   total 105176K, used 78866K [0x00000000eb2a0000, 0x00000000f1956000, 0x0000000100000000)
   the space 105176K,  74% used [0x00000000eb2a0000, 0x00000000effa49b0, 0x00000000effa4a00, 0x00000000f1956000)
 Metaspace       used 75278K, capacity 77246K, committed 77952K, reserved 1118208K
  class space    used 8442K, capacity 9187K, committed 9344K, reserved 1048576K
}
Event: 3765.802 GC heap after
{Heap after GC invocations=3633 (full 8):
 def new generation   total 47424K, used 1599K [0x00000000e0c00000, 0x00000000e3f70000, 0x00000000eb2a0000)
  eden space 42176K,   0% used [0x00000000e0c00000, 0x00000000e0c00000, 0x00000000e3530000)
  from space 5248K,  30% used [0x00000000e3a50000, 0x00000000e3bdfef0, 0x00000000e3f70000)
  to   space 5248K,   0% used [0x00000000e3530000, 0x00000000e3530000, 0x00000000e3a50000)
 tenured generation   total 105176K, used 78866K [0x00000000eb2a0000, 0x00000000f1956000, 0x0000000100000000)
   the space 105176K,  74% used [0x00000000eb2a0000, 0x00000000effa49b0, 0x00000000effa4a00, 0x00000000f1956000)
 Metaspace       used 75278K, capacity 77246K, committed 77952K, reserved 1118208K
  class space    used 8442K, capacity 9187K, committed 9344K, reserved 1048576K
}
Event: 3766.450 GC heap before
{Heap before GC invocations=3633 (full 8):
 def new generation   total 47424K, used 43775K [0x00000000e0c00000, 0x00000000e3f70000, 0x00000000eb2a0000)
  eden space 42176K, 100% used [0x00000000e0c00000, 0x00000000e3530000, 0x00000000e3530000)
  from space 5248K,  30% used [0x00000000e3a50000, 0x00000000e3bdfef0, 0x00000000e3f70000)
  to   space 5248K,   0% used [0x00000000e3530000, 0x00000000e3530000, 0x00000000e3a50000)
 tenured generation   total 105176K, used 78866K [0x00000000eb2a0000, 0x00000000f1956000, 0x0000000100000000)
   the space 105176K,  74% used [0x00000000eb2a0000, 0x00000000effa49b0, 0x00000000effa4a00, 0x00000000f1956000)
 Metaspace       used 75278K, capacity 77246K, committed 77952K, reserved 1118208K
  class space    used 8442K, capacity 9187K, committed 9344K, reserved 1048576K
}
Event: 3766.493 GC heap after
{Heap after GC invocations=3634 (full 8):
 def new generation   total 47424K, used 1557K [0x00000000e0c00000, 0x00000000e3f70000, 0x00000000eb2a0000)
  eden space 42176K,   0% used [0x00000000e0c00000, 0x00000000e0c00000, 0x00000000e3530000)
  from space 5248K,  29% used [0x00000000e3530000, 0x00000000e36b5410, 0x00000000e3a50000)
  to   space 5248K,   0% used [0x00000000e3a50000, 0x00000000e3a50000, 0x00000000e3f70000)
 tenured generation   total 105176K, used 78867K [0x00000000eb2a0000, 0x00000000f1956000, 0x0000000100000000)
   the space 105176K,  74% used [0x00000000eb2a0000, 0x00000000effa4fc0, 0x00000000effa5000, 0x00000000f1956000)
 Metaspace       used 75278K, capacity 77246K, committed 77952K, reserved 1118208K
  class space    used 8442K, capacity 9187K, committed 9344K, reserved 1048576K
}
Event: 3767.063 GC heap before
{Heap before GC invocations=3634 (full 8):
 def new generation   total 47424K, used 43733K [0x00000000e0c00000, 0x00000000e3f70000, 0x00000000eb2a0000)
  eden space 42176K, 100% used [0x00000000e0c00000, 0x00000000e3530000, 0x00000000e3530000)
  from space 5248K,  29% used [0x00000000e3530000, 0x00000000e36b5410, 0x00000000e3a50000)
  to   space 5248K,   0% used [0x00000000e3a50000, 0x00000000e3a50000, 0x00000000e3f70000)
 tenured generation   total 105176K, used 78867K [0x00000000eb2a0000, 0x00000000f1956000, 0x0000000100000000)
   the space 105176K,  74% used [0x00000000eb2a0000, 0x00000000effa4fc0, 0x00000000effa5000, 0x00000000f1956000)
 Metaspace       used 75278K, capacity 77246K, committed 77952K, reserved 1118208K
  class space    used 8442K, capacity 9187K, committed 9344K, reserved 1048576K
}
Event: 3767.229 GC heap after
{Heap after GC invocations=3635 (full 8):
 def new generation   total 47424K, used 1639K [0x00000000e0c00000, 0x00000000e3f70000, 0x00000000eb2a0000)
  eden space 42176K,   0% used [0x00000000e0c00000, 0x00000000e0c00000, 0x00000000e3530000)
  from space 5248K,  31% used [0x00000000e3a50000, 0x00000000e3be9f68, 0x00000000e3f70000)
  to   space 5248K,   0% used [0x00000000e3530000, 0x00000000e3530000, 0x00000000e3a50000)
 tenured generation   total 105176K, used 78869K [0x00000000eb2a0000, 0x00000000f1956000, 0x0000000100000000)
   the space 105176K,  74% used [0x00000000eb2a0000, 0x00000000effa5608, 0x00000000effa5800, 0x00000000f1956000)
 Metaspace       used 75278K, capacity 77246K, committed 77952K, reserved 1118208K
  class space    used 8442K, capacity 9187K, committed 9344K, reserved 1048576K
}
Event: 3829.704 GC heap before
{Heap before GC invocations=3635 (full 8):
 def new generation   total 47424K, used 43815K [0x00000000e0c00000, 0x00000000e3f70000, 0x00000000eb2a0000)
  eden space 42176K, 100% used [0x00000000e0c00000, 0x00000000e3530000, 0x00000000e3530000)
  from space 5248K,  31% used [0x00000000e3a50000, 0x00000000e3be9f68, 0x00000000e3f70000)
  to   space 5248K,   0% used [0x00000000e3530000, 0x00000000e3530000, 0x00000000e3a50000)
 tenured generation   total 105176K, used 78869K [0x00000000eb2a0000, 0x00000000f1956000, 0x0000000100000000)
   the space 105176K,  74% used [0x00000000eb2a0000, 0x00000000effa5608, 0x00000000effa5800, 0x00000000f1956000)
 Metaspace       used 75278K, capacity 77246K, committed 77952K, reserved 1118208K
  class space    used 8442K, capacity 9187K, committed 9344K, reserved 1048576K
}
Event: 3829.753 GC heap after
{Heap after GC invocations=3636 (full 8):
 def new generation   total 47424K, used 587K [0x00000000e0c00000, 0x00000000e3f70000, 0x00000000eb2a0000)
  eden space 42176K,   0% used [0x00000000e0c00000, 0x00000000e0c00000, 0x00000000e3530000)
  from space 5248K,  11% used [0x00000000e3530000, 0x00000000e35c2db8, 0x00000000e3a50000)
  to   space 5248K,   0% used [0x00000000e3a50000, 0x00000000e3a50000, 0x00000000e3f70000)
 tenured generation   total 105176K, used 78869K [0x00000000eb2a0000, 0x00000000f1956000, 0x0000000100000000)
   the space 105176K,  74% used [0x00000000eb2a0000, 0x00000000effa5748, 0x00000000effa5800, 0x00000000f1956000)
 Metaspace       used 75278K, capacity 77246K, committed 77952K, reserved 1118208K
  class space    used 8442K, capacity 9187K, committed 9344K, reserved 1048576K
}

Deoptimization events (10 events):
Event: 3739.979 Thread 0x00007f5c1407b000 Uncommon trap: reason=unstable_if action=reinterpret pc=0x00007f5c2b97fe30 method=okio.SegmentPool.recycle(Lokio/Segment;)V @ 46 c2
Event: 4022.107 Thread 0x00007f5c1407b000 Uncommon trap: reason=class_check action=maybe_recompile pc=0x00007f5c2b920580 method=reactor.core.publisher.FluxFlatMap.trySubscribeScalarMap(Lorg/reactivestreams/Publisher;Lreactor/core/CoreSubscriber;Ljava/util/function/Function;Z)Z @ 199 c2
Event: 4023.140 Thread 0x00007f5c1407b000 Uncommon trap: reason=class_check action=maybe_recompile pc=0x00007f5c2b985dac method=com.mongodb.async.client.AsyncOperationExecutorImpl$1.onResult(Lcom/mongodb/session/ClientSession;Ljava/lang/Throwable;)V @ 61 c2
Event: 4036.849 Thread 0x00007f5c1407b000 Uncommon trap: reason=class_check action=maybe_recompile pc=0x00007f5c2bce1358 method=com.mongodb.connection.DefaultServer$1.onResult(Lcom/mongodb/connection/InternalConnection;Ljava/lang/Throwable;)V @ 69 c2
Event: 4056.221 Thread 0x00007f5c0435d800 Uncommon trap: reason=class_check action=maybe_recompile pc=0x00007f5c2ba581d0 method=com.mongodb.operation.CommandOperationHelper$1.onResult(Ljava/lang/Object;Ljava/lang/Throwable;)V @ 35 c2
Event: 4072.494 Thread 0x00007f5c14054800 Uncommon trap: reason=unstable_if action=reinterpret pc=0x00007f5c2bb6f374 method=okio.AsyncTimeout.awaitTimeout()Lokio/AsyncTimeout; @ 41 c2
Event: 4073.037 Thread 0x00007f5c0435d800 Uncommon trap: reason=class_check action=maybe_recompile pc=0x00007f5c2ba3f1a0 method=com.mongodb.operation.OperationHelper$ReferenceCountedReleasingWrappedCallback.onResult(Ljava/lang/Object;Ljava/lang/Throwable;)V @ 4 c2
Event: 4075.934 Thread 0x00007f5c0435d800 Uncommon trap: reason=class_check action=maybe_recompile pc=0x00007f5c2b9c8ea8 method=reactor.core.publisher.MonoNext$NextSubscriber.onNext(Ljava/lang/Object;)V @ 35 c2
Event: 4079.945 Thread 0x00007f5c0435d800 Uncommon trap: reason=class_check action=maybe_recompile pc=0x00007f5c2bb69ce8 method=org.web3j.protocol.core.JsonRpc2_0Web3j.ethGetBlockByNumber(Lorg/web3j/protocol/core/DefaultBlockParameter;Z)Lorg/web3j/protocol/core/Request; @ 13 c2
Event: 4086.793 Thread 0x00007f5c0435d800 Uncommon trap: reason=unstable_if action=reinterpret pc=0x00007f5c2bb74488 method=okio.AsyncTimeout.scheduleTimeout(Lokio/AsyncTimeout;JZ)V @ 3 c2

Classes redefined (0 events):
No events

Internal exceptions (10 events):
Event: 3989.375 Thread 0x00007f5c1407b000 Exception <a 'java/net/SocketTimeoutException'{0x00000000e319af80}: Read timed out> (0x00000000e319af80) thrown at [/build/openjdk-lts-Ae5PRQ/openjdk-lts-10.0.2+13/src/hotspot/share/prims/jni.cpp, line 632]
Event: 3990.206 Thread 0x00007f5c1407b000 Exception <a 'java/net/SocketTimeoutException'{0x00000000e31a7ef8}: Read timed out> (0x00000000e31a7ef8) thrown at [/build/openjdk-lts-Ae5PRQ/openjdk-lts-10.0.2+13/src/hotspot/share/prims/jni.cpp, line 632]
Event: 3990.832 Thread 0x00007f5c1407b000 Exception <a 'java/net/SocketTimeoutException'{0x00000000e31b3c88}: Read timed out> (0x00000000e31b3c88) thrown at [/build/openjdk-lts-Ae5PRQ/openjdk-lts-10.0.2+13/src/hotspot/share/prims/jni.cpp, line 632]
Event: 3992.881 Thread 0x00007f5c1407b000 Exception <a 'java/net/SocketTimeoutException'{0x00000000e31bebb8}: Read timed out> (0x00000000e31bebb8) thrown at [/build/openjdk-lts-Ae5PRQ/openjdk-lts-10.0.2+13/src/hotspot/share/prims/jni.cpp, line 632]
Event: 3994.226 Thread 0x00007f5c1407b000 Exception <a 'java/net/SocketTimeoutException'{0x00000000e31c9b00}: Read timed out> (0x00000000e31c9b00) thrown at [/build/openjdk-lts-Ae5PRQ/openjdk-lts-10.0.2+13/src/hotspot/share/prims/jni.cpp, line 632]
Event: 3995.689 Thread 0x00007f5c1407b000 Exception <a 'java/net/SocketTimeoutException'{0x00000000e3217a20}: Read timed out> (0x00000000e3217a20) thrown at [/build/openjdk-lts-Ae5PRQ/openjdk-lts-10.0.2+13/src/hotspot/share/prims/jni.cpp, line 632]
Event: 3997.983 Thread 0x00007f5c1407b000 Exception <a 'java/net/SocketTimeoutException'{0x00000000e322d410}: Read timed out> (0x00000000e322d410) thrown at [/build/openjdk-lts-Ae5PRQ/openjdk-lts-10.0.2+13/src/hotspot/share/prims/jni.cpp, line 632]
Event: 4001.485 Thread 0x00007f5c1407b000 Exception <a 'java/net/SocketTimeoutException'{0x00000000e3369640}: Read timed out> (0x00000000e3369640) thrown at [/build/openjdk-lts-Ae5PRQ/openjdk-lts-10.0.2+13/src/hotspot/share/prims/jni.cpp, line 632]
Event: 4011.740 Thread 0x00007f5c1407b000 Exception <a 'java/net/SocketTimeoutException'{0x00000000e336bd90}: Read timed out> (0x00000000e336bd90) thrown at [/build/openjdk-lts-Ae5PRQ/openjdk-lts-10.0.2+13/src/hotspot/share/prims/jni.cpp, line 632]
Event: 4086.261 Thread 0x00007f5c0435d800 Implicit null exception at 0x00007f5c2bb73d12 to 0x00007f5c2bb7446a

Events (10 events):
Event: 4075.392 Thread 0x00007f5c14054800 Thread exited: 0x00007f5c14054800
Event: 4076.757 Thread 0x00007f5c0435d800 DEOPT PACKING pc=0x00007f5c2b9c8ea8 sp=0x00007f5c02209170
Event: 4078.024 Thread 0x00007f5c0435d800 DEOPT UNPACKING pc=0x00007f5c23926e25 sp=0x00007f5c02209060 mode 2
Event: 4079.461 Thread 0x00007f5c0435d800 Uncommon trap: trap_request=0xffffffde fr.pc=0x00007f5c2bb69ce8 relative=0x0000000000000c08
Event: 4080.435 Thread 0x00007f5c0435d800 DEOPT PACKING pc=0x00007f5c2bb69ce8 sp=0x00007f5c02208b40
Event: 4081.552 Thread 0x00007f5c0435d800 DEOPT UNPACKING pc=0x00007f5c23926e25 sp=0x00007f5c02208b30 mode 2
Event: 4086.498 Thread 0x00007f5c0435d800 Uncommon trap: trap_request=0xffffff55 fr.pc=0x00007f5c2bb74488 relative=0x00000000000008a8
Event: 4086.810 Thread 0x00007f5c0435d800 DEOPT PACKING pc=0x00007f5c2bb74488 sp=0x00007f5c02208670
Event: 4086.816 Thread 0x00007f5c0435d800 DEOPT UNPACKING pc=0x00007f5c23926e25 sp=0x00007f5c022084e8 mode 2
Event: 4086.920 Thread 0x00007f5c11639800 Thread added: 0x00007f5c11639800


Dynamic libraries:
e0c00000-e3f70000 rw-p 00000000 00:00 0 
e3f70000-eb2a0000 ---p 00000000 00:00 0 
eb2a0000-f1956000 rw-p 00000000 00:00 0 
f1956000-100000000 ---p 00000000 00:00 0 
100000000-100920000 rw-p 00000000 00:00 0 
100920000-140000000 ---p 00000000 00:00 0 
559786ae9000-559786aea000 r-xp 00000000 fc:01 256865                     /usr/lib/jvm/java-11-openjdk-amd64/bin/java
559786cea000-559786ceb000 r--p 00001000 fc:01 256865                     /usr/lib/jvm/java-11-openjdk-amd64/bin/java
559786ceb000-559786cec000 rw-p 00002000 fc:01 256865                     /usr/lib/jvm/java-11-openjdk-amd64/bin/java
559787be5000-559787c72000 rw-p 00000000 00:00 0                          [heap]
7f5bfade7000-7f5bfadeb000 ---p 00000000 00:00 0 
7f5bfadeb000-7f5bfaee8000 rw-p 00000000 00:00 0 
7f5bfaee8000-7f5bfaeec000 ---p 00000000 00:00 0 
7f5bfaeec000-7f5bfafe9000 rw-p 00000000 00:00 0 
7f5bfafe9000-7f5bfafed000 ---p 00000000 00:00 0 
7f5bfafed000-7f5bfb0ea000 rw-p 00000000 00:00 0 
7f5bfb0ea000-7f5bfb0ee000 ---p 00000000 00:00 0 
7f5bfb0ee000-7f5bfb1eb000 rw-p 00000000 00:00 0 
7f5bfb1eb000-7f5bfb1ef000 ---p 00000000 00:00 0 
7f5bfb1ef000-7f5bfb2ec000 rw-p 00000000 00:00 0 
7f5bfb2ec000-7f5bfb2f0000 ---p 00000000 00:00 0 
7f5bfb2f0000-7f5bfb3ed000 rw-p 00000000 00:00 0 
7f5bfb3ed000-7f5bfb3f1000 ---p 00000000 00:00 0 
7f5bfb3f1000-7f5bfb4ee000 rw-p 00000000 00:00 0 
7f5bfb4ee000-7f5bfb4f2000 ---p 00000000 00:00 0 
7f5bfb4f2000-7f5bfb5ef000 rw-p 00000000 00:00 0 
7f5bfb5ef000-7f5bfb5f3000 ---p 00000000 00:00 0 
7f5bfb5f3000-7f5bfb6f0000 rw-p 00000000 00:00 0 
7f5bfb6f0000-7f5bfb6f4000 ---p 00000000 00:00 0 
7f5bfb6f4000-7f5bfb7f1000 rw-p 00000000 00:00 0 
7f5bfb7f1000-7f5bfb7f5000 ---p 00000000 00:00 0 
7f5bfb7f5000-7f5bfb8f2000 rw-p 00000000 00:00 0 
7f5bfb8f2000-7f5bfb8f6000 ---p 00000000 00:00 0 
7f5bfb8f6000-7f5bfb9f3000 rw-p 00000000 00:00 0 
7f5bfb9f3000-7f5bfb9f7000 ---p 00000000 00:00 0 
7f5bfb9f7000-7f5bfbaf4000 rw-p 00000000 00:00 0 
7f5bfbaf4000-7f5bfbaf8000 ---p 00000000 00:00 0 
7f5bfbaf8000-7f5bfbbf5000 rw-p 00000000 00:00 0 
7f5bfbbf5000-7f5bfbbf9000 ---p 00000000 00:00 0 
7f5bfbbf9000-7f5bfbcf6000 rw-p 00000000 00:00 0 
7f5bfbff9000-7f5bfbffd000 ---p 00000000 00:00 0 
7f5bfbffd000-7f5bfc0fa000 rw-p 00000000 00:00 0 
7f5bfc2fc000-7f5bfc300000 ---p 00000000 00:00 0 
7f5bfc300000-7f5bfc3fd000 rw-p 00000000 00:00 0 
7f5bfc3fd000-7f5bfc401000 ---p 00000000 00:00 0 
7f5bfc401000-7f5bfc4fe000 rw-p 00000000 00:00 0 
7f5bfc4fe000-7f5bfc502000 ---p 00000000 00:00 0 
7f5bfc502000-7f5bfc5ff000 rw-p 00000000 00:00 0 
7f5bfc5ff000-7f5bfc603000 ---p 00000000 00:00 0 
7f5bfc603000-7f5bfc700000 rw-p 00000000 00:00 0 
7f5bfc700000-7f5bfc704000 ---p 00000000 00:00 0 
7f5bfc704000-7f5bfc801000 rw-p 00000000 00:00 0 
7f5bfc801000-7f5bfc805000 ---p 00000000 00:00 0 
7f5bfc805000-7f5bfc902000 rw-p 00000000 00:00 0 
7f5bfcc05000-7f5bfcc09000 ---p 00000000 00:00 0 
7f5bfcc09000-7f5bfcd06000 rw-p 00000000 00:00 0 
7f5bfcd06000-7f5bfcd0a000 ---p 00000000 00:00 0 
7f5bfcd0a000-7f5bfce07000 rw-p 00000000 00:00 0 
7f5bfce07000-7f5bfce0b000 ---p 00000000 00:00 0 
7f5bfce0b000-7f5bfcf08000 rw-p 00000000 00:00 0 
7f5bfd009000-7f5bfd109000 rw-p 00000000 00:00 0 
7f5bfd109000-7f5bfd209000 ---p 00000000 00:00 0 
7f5bfd209000-7f5bfd409000 rw-p 00000000 00:00 0 
7f5bfd50a000-7f5bfd50e000 ---p 00000000 00:00 0 
7f5bfd50e000-7f5bfd60b000 rw-p 00000000 00:00 0 
7f5bfd70c000-7f5bfd710000 ---p 00000000 00:00 0 
7f5bfd710000-7f5bfd80d000 rw-p 00000000 00:00 0 
7f5bfd80d000-7f5bfd811000 ---p 00000000 00:00 0 
7f5bfd811000-7f5bfd90e000 rw-p 00000000 00:00 0 
7f5bfd90e000-7f5bfd912000 ---p 00000000 00:00 0 
7f5bfd912000-7f5bfda0f000 rw-p 00000000 00:00 0 
7f5bfda0f000-7f5bfda13000 ---p 00000000 00:00 0 
7f5bfda13000-7f5bfdb10000 rw-p 00000000 00:00 0 
7f5bfdb10000-7f5bfdb14000 ---p 00000000 00:00 0 
7f5bfdb14000-7f5bfdc11000 rw-p 00000000 00:00 0 
7f5bfdc11000-7f5bfdc15000 ---p 00000000 00:00 0 
7f5bfdc15000-7f5bfdd12000 rw-p 00000000 00:00 0 
7f5bfdd12000-7f5bfdd16000 ---p 00000000 00:00 0 
7f5bfdd16000-7f5bfde13000 rw-p 00000000 00:00 0 
7f5bfdf14000-7f5bfdf18000 ---p 00000000 00:00 0 
7f5bfdf18000-7f5bfe015000 rw-p 00000000 00:00 0 
7f5bfe015000-7f5bfe019000 ---p 00000000 00:00 0 
7f5bfe019000-7f5bfe116000 rw-p 00000000 00:00 0 
7f5bfe116000-7f5bfe11a000 ---p 00000000 00:00 0 
7f5bfe11a000-7f5bfe217000 rw-p 00000000 00:00 0 
7f5bfe217000-7f5bfe21b000 ---p 00000000 00:00 0 
7f5bfe21b000-7f5bfe318000 rw-p 00000000 00:00 0 
7f5bfe318000-7f5bfe31c000 ---p 00000000 00:00 0 
7f5bfe31c000-7f5bfe419000 rw-p 00000000 00:00 0 
7f5bfe419000-7f5bfe41d000 ---p 00000000 00:00 0 
7f5bfe41d000-7f5bfe71a000 rw-p 00000000 00:00 0 
7f5bfe71a000-7f5bfe71e000 ---p 00000000 00:00 0 
7f5bfe71e000-7f5bfe81b000 rw-p 00000000 00:00 0 
7f5bfe81b000-7f5bfe81f000 ---p 00000000 00:00 0 
7f5bfe81f000-7f5bfe91c000 rw-p 00000000 00:00 0 
7f5bfe91c000-7f5bfe920000 ---p 00000000 00:00 0 
7f5bfe920000-7f5bfea1d000 rw-p 00000000 00:00 0 
7f5bfea1d000-7f5bfea21000 ---p 00000000 00:00 0 
7f5bfea21000-7f5bfed1e000 rw-p 00000000 00:00 0 
7f5bfed22000-7f5bfee1f000 rw-p 00000000 00:00 0 
7f5bfee1f000-7f5bfee23000 ---p 00000000 00:00 0 
7f5bfee23000-7f5bfef20000 rw-p 00000000 00:00 0 
7f5bfef20000-7f5bfef24000 ---p 00000000 00:00 0 
7f5bfef24000-7f5bff021000 rw-p 00000000 00:00 0 
7f5bff021000-7f5bff02e000 r-xp 00000000 fc:01 1255                       /tmp/libnetty_transport_native_epoll_x86_6415189818831565550831.so (deleted)
7f5bff02e000-7f5bff22d000 ---p 0000d000 fc:01 1255                       /tmp/libnetty_transport_native_epoll_x86_6415189818831565550831.so (deleted)
7f5bff22d000-7f5bff22f000 rw-p 0000c000 fc:01 1255                       /tmp/libnetty_transport_native_epoll_x86_6415189818831565550831.so (deleted)
7f5bff22f000-7f5bff233000 ---p 00000000 00:00 0 
7f5bff233000-7f5bff530000 rw-p 00000000 00:00 0 
7f5bff530000-7f5bff730000 rw-p 00000000 00:00 0 
7f5bff805000-7f5bffa05000 rw-p 00000000 00:00 0 
7f5bffa05000-7f5bffa09000 ---p 00000000 00:00 0 
7f5bffa09000-7f5bffd06000 rw-p 00000000 00:00 0 
7f5bffd06000-7f5bffd0a000 ---p 00000000 00:00 0 
7f5bffd0a000-7f5bffe07000 rw-p 00000000 00:00 0 
7f5bffe07000-7f5bffe0b000 ---p 00000000 00:00 0 
7f5bffe0b000-7f5c0210a000 rw-p 00000000 00:00 0 
7f5c0210a000-7f5c0210e000 ---p 00000000 00:00 0 
7f5c0210e000-7f5c0220b000 rw-p 00000000 00:00 0 
7f5c0220b000-7f5c02233000 r-xp 00000000 fc:01 257041                     /usr/lib/jvm/java-11-openjdk-amd64/lib/libsunec.so
7f5c02233000-7f5c02433000 ---p 00028000 fc:01 257041                     /usr/lib/jvm/java-11-openjdk-amd64/lib/libsunec.so
7f5c02433000-7f5c02437000 r--p 00028000 fc:01 257041                     /usr/lib/jvm/java-11-openjdk-amd64/lib/libsunec.so
7f5c02437000-7f5c02438000 rw-p 0002c000 fc:01 257041                     /usr/lib/jvm/java-11-openjdk-amd64/lib/libsunec.so
7f5c02438000-7f5c02439000 r-xp 00000000 fc:01 257015                     /usr/lib/jvm/java-11-openjdk-amd64/lib/libextnet.so
7f5c02439000-7f5c02638000 ---p 00001000 fc:01 257015                     /usr/lib/jvm/java-11-openjdk-amd64/lib/libextnet.so
7f5c02638000-7f5c02639000 r--p 00000000 fc:01 257015                     /usr/lib/jvm/java-11-openjdk-amd64/lib/libextnet.so
7f5c02639000-7f5c0263a000 rw-p 00001000 fc:01 257015                     /usr/lib/jvm/java-11-openjdk-amd64/lib/libextnet.so
7f5c0263a000-7f5c0263e000 ---p 00000000 00:00 0 
7f5c0263e000-7f5c0293b000 rw-p 00000000 00:00 0 
7f5c0293b000-7f5c0293f000 ---p 00000000 00:00 0 
7f5c0293f000-7f5c02a3c000 rw-p 00000000 00:00 0 
7f5c02a3c000-7f5c02a40000 ---p 00000000 00:00 0 
7f5c02a40000-7f5c02b3d000 rw-p 00000000 00:00 0 
7f5c02b3d000-7f5c02b41000 ---p 00000000 00:00 0 
7f5c02b41000-7f5c02e3e000 rw-p 00000000 00:00 0 
7f5c02e3e000-7f5c0303e000 rw-p 00000000 00:00 0 
7f5c0303e000-7f5c0323e000 rw-p 00000000 00:00 0 
7f5c032ff000-7f5c03303000 ---p 00000000 00:00 0 
7f5c03303000-7f5c03600000 rw-p 00000000 00:00 0 
7f5c03600000-7f5c03800000 rw-p 00000000 00:00 0 
7f5c03800000-7f5c03a00000 rw-p 00000000 00:00 0 
7f5c03a00000-7f5c03c00000 rw-p 00000000 00:00 0 
7f5c03c00000-7f5c03e00000 rw-p 00000000 00:00 0 
7f5c03e00000-7f5c04000000 rw-p 00000000 00:00 0 
7f5c04000000-7f5c04e89000 rw-p 00000000 00:00 0 
7f5c04e89000-7f5c08000000 ---p 00000000 00:00 0 
7f5c08000000-7f5c08027000 rw-p 00000000 00:00 0 
7f5c08027000-7f5c0c000000 ---p 00000000 00:00 0 
7f5c0c000000-7f5c0c345000 rw-p 00000000 00:00 0 
7f5c0c345000-7f5c10000000 ---p 00000000 00:00 0 
7f5c10000000-7f5c1343b000 rw-p 00000000 00:00 0 
7f5c1343b000-7f5c14000000 ---p 00000000 00:00 0 
7f5c14000000-7f5c14138000 rw-p 00000000 00:00 0 
7f5c14138000-7f5c18000000 ---p 00000000 00:00 0 
7f5c18000000-7f5c1806a000 rw-p 00000000 00:00 0 
7f5c1806a000-7f5c1c000000 ---p 00000000 00:00 0 
7f5c1c000000-7f5c1c487000 rw-p 00000000 00:00 0 
7f5c1c487000-7f5c20000000 ---p 00000000 00:00 0 
7f5c2003b000-7f5c20040000 r-xp 00000000 fc:01 257033                     /usr/lib/jvm/java-11-openjdk-amd64/lib/libmanagement_ext.so
7f5c20040000-7f5c2023f000 ---p 00005000 fc:01 257033                     /usr/lib/jvm/java-11-openjdk-amd64/lib/libmanagement_ext.so
7f5c2023f000-7f5c20240000 r--p 00004000 fc:01 257033                     /usr/lib/jvm/java-11-openjdk-amd64/lib/libmanagement_ext.so
7f5c20240000-7f5c20241000 rw-p 00005000 fc:01 257033                     /usr/lib/jvm/java-11-openjdk-amd64/lib/libmanagement_ext.so
7f5c20241000-7f5c20245000 r-xp 00000000 fc:01 257031                     /usr/lib/jvm/java-11-openjdk-amd64/lib/libmanagement.so
7f5c20245000-7f5c20444000 ---p 00004000 fc:01 257031                     /usr/lib/jvm/java-11-openjdk-amd64/lib/libmanagement.so
7f5c20444000-7f5c20445000 r--p 00003000 fc:01 257031                     /usr/lib/jvm/java-11-openjdk-amd64/lib/libmanagement.so
7f5c20445000-7f5c20446000 rw-p 00004000 fc:01 257031                     /usr/lib/jvm/java-11-openjdk-amd64/lib/libmanagement.so
7f5c20446000-7f5c20646000 rw-p 00000000 00:00 0 
7f5c20646000-7f5c20846000 rw-p 00000000 00:00 0 
7f5c20846000-7f5c2084a000 ---p 00000000 00:00 0 
7f5c2084a000-7f5c20b47000 rw-p 00000000 00:00 0 
7f5c20b47000-7f5c20b4b000 ---p 00000000 00:00 0 
7f5c20b4b000-7f5c20e48000 rw-p 00000000 00:00 0 
7f5c20e48000-7f5c21048000 rw-p 00000000 00:00 0 
7f5c21048000-7f5c21248000 rw-p 00000000 00:00 0 
7f5c21248000-7f5c21448000 rw-p 00000000 00:00 0 
7f5c21448000-7f5c21648000 rw-p 00000000 00:00 0 
7f5c21648000-7f5c21848000 rw-p 00000000 00:00 0 
7f5c21848000-7f5c21a48000 rw-p 00000000 00:00 0 
7f5c21a48000-7f5c21c48000 rw-p 00000000 00:00 0 
7f5c21c48000-7f5c21c79000 rw-p 00000000 00:00 0 
7f5c21c79000-7f5c21c90000 r-xp 00000000 fc:01 257035                     /usr/lib/jvm/java-11-openjdk-amd64/lib/libnet.so
7f5c21c90000-7f5c21e8f000 ---p 00017000 fc:01 257035                     /usr/lib/jvm/java-11-openjdk-amd64/lib/libnet.so
7f5c21e8f000-7f5c21e90000 r--p 00016000 fc:01 257035                     /usr/lib/jvm/java-11-openjdk-amd64/lib/libnet.so
7f5c21e90000-7f5c21e91000 rw-p 00017000 fc:01 257035                     /usr/lib/jvm/java-11-openjdk-amd64/lib/libnet.so
7f5c21e91000-7f5c21ea2000 r-xp 00000000 fc:01 257036                     /usr/lib/jvm/java-11-openjdk-amd64/lib/libnio.so
7f5c21ea2000-7f5c220a1000 ---p 00011000 fc:01 257036                     /usr/lib/jvm/java-11-openjdk-amd64/lib/libnio.so
7f5c220a1000-7f5c220a2000 r--p 00010000 fc:01 257036                     /usr/lib/jvm/java-11-openjdk-amd64/lib/libnio.so
7f5c220a2000-7f5c220a3000 rw-p 00011000 fc:01 257036                     /usr/lib/jvm/java-11-openjdk-amd64/lib/libnio.so
7f5c220a3000-7f5c220a7000 ---p 00000000 00:00 0 
7f5c220a7000-7f5c221a4000 rw-p 00000000 00:00 0 
7f5c221a4000-7f5c221a5000 ---p 00000000 00:00 0 
7f5c221a5000-7f5c222a6000 rw-p 00000000 00:00 0 
7f5c222a6000-7f5c222aa000 ---p 00000000 00:00 0 
7f5c222aa000-7f5c223a7000 rw-p 00000000 00:00 0 
7f5c223a7000-7f5c223ab000 ---p 00000000 00:00 0 
7f5c223ab000-7f5c224a8000 rw-p 00000000 00:00 0 
7f5c224a8000-7f5c224ac000 ---p 00000000 00:00 0 
7f5c224ac000-7f5c225a9000 rw-p 00000000 00:00 0 
7f5c225a9000-7f5c225ad000 ---p 00000000 00:00 0 
7f5c225ad000-7f5c226aa000 rw-p 00000000 00:00 0 
7f5c226aa000-7f5c226ae000 ---p 00000000 00:00 0 
7f5c226ae000-7f5c227ab000 rw-p 00000000 00:00 0 
7f5c227ab000-7f5c22ad4000 r--p 00000000 fc:01 342                        /usr/lib/locale/locale-archive
7f5c22ad4000-7f5c22ad8000 ---p 00000000 00:00 0 
7f5c22ad8000-7f5c22bd5000 rw-p 00000000 00:00 0 
7f5c22bd5000-7f5c22bd9000 ---p 00000000 00:00 0 
7f5c22bd9000-7f5c22cd6000 rw-p 00000000 00:00 0 
7f5c22cd6000-7f5c22cd7000 ---p 00000000 00:00 0 
7f5c22cd7000-7f5c2364e000 rw-p 00000000 00:00 0 
7f5c2364e000-7f5c23668000 rw-p 00000000 00:00 0 
7f5c23668000-7f5c236a1000 ---p 00000000 00:00 0 
7f5c236a1000-7f5c236d5000 rw-p 00000000 00:00 0 
7f5c236d5000-7f5c23748000 ---p 00000000 00:00 0 
7f5c23748000-7f5c2375d000 rw-p 00000000 00:00 0 
7f5c2375d000-7f5c23834000 ---p 00000000 00:00 0 
7f5c23834000-7f5c23869000 rw-p 00000000 00:00 0 
7f5c23869000-7f5c2391f000 ---p 00000000 00:00 0 
7f5c2391f000-7f5c23b8f000 rwxp 00000000 00:00 0 
7f5c23b8f000-7f5c23eae000 ---p 00000000 00:00 0 
7f5c23eae000-7f5c258de000 rwxp 00000000 00:00 0 
7f5c258de000-7f5c2b3e6000 ---p 00000000 00:00 0 
7f5c2b3e6000-7f5c2bde6000 rwxp 00000000 00:00 0 
7f5c2bde6000-7f5c3291f000 ---p 00000000 00:00 0 
7f5c3291f000-7f5c3bdfa000 r--s 00000000 fc:01 257045                     /usr/lib/jvm/java-11-openjdk-amd64/lib/modules
7f5c3bdfa000-7f5c3bdff000 r-xp 00000000 fc:01 257027                     /usr/lib/jvm/java-11-openjdk-amd64/lib/libjimage.so
7f5c3bdff000-7f5c3bffe000 ---p 00005000 fc:01 257027                     /usr/lib/jvm/java-11-openjdk-amd64/lib/libjimage.so
7f5c3bffe000-7f5c3bfff000 r--p 00004000 fc:01 257027                     /usr/lib/jvm/java-11-openjdk-amd64/lib/libjimage.so
7f5c3bfff000-7f5c3c000000 rw-p 00005000 fc:01 257027                     /usr/lib/jvm/java-11-openjdk-amd64/lib/libjimage.so
7f5c3c000000-7f5c3d053000 rw-p 00000000 00:00 0 
7f5c3d053000-7f5c40000000 ---p 00000000 00:00 0 
7f5c40002000-7f5c4005d000 rw-p 00000000 00:00 0 
7f5c4005d000-7f5c40064000 r-xp 00000000 fc:01 257044                     /usr/lib/jvm/java-11-openjdk-amd64/lib/libzip.so
7f5c40064000-7f5c40263000 ---p 00007000 fc:01 257044                     /usr/lib/jvm/java-11-openjdk-amd64/lib/libzip.so
7f5c40263000-7f5c40264000 r--p 00006000 fc:01 257044                     /usr/lib/jvm/java-11-openjdk-amd64/lib/libzip.so
7f5c40264000-7f5c40265000 rw-p 00007000 fc:01 257044                     /usr/lib/jvm/java-11-openjdk-amd64/lib/libzip.so
7f5c40265000-7f5c40270000 r-xp 00000000 fc:01 1128                       /lib/x86_64-linux-gnu/libnss_files-2.27.so
7f5c40270000-7f5c4046f000 ---p 0000b000 fc:01 1128                       /lib/x86_64-linux-gnu/libnss_files-2.27.so
7f5c4046f000-7f5c40470000 r--p 0000a000 fc:01 1128                       /lib/x86_64-linux-gnu/libnss_files-2.27.so
7f5c40470000-7f5c40471000 rw-p 0000b000 fc:01 1128                       /lib/x86_64-linux-gnu/libnss_files-2.27.so
7f5c40471000-7f5c40477000 rw-p 00000000 00:00 0 
7f5c40477000-7f5c4048e000 r-xp 00000000 fc:01 1122                       /lib/x86_64-linux-gnu/libnsl-2.27.so
7f5c4048e000-7f5c4068d000 ---p 00017000 fc:01 1122                       /lib/x86_64-linux-gnu/libnsl-2.27.so
7f5c4068d000-7f5c4068e000 r--p 00016000 fc:01 1122                       /lib/x86_64-linux-gnu/libnsl-2.27.so
7f5c4068e000-7f5c4068f000 rw-p 00017000 fc:01 1122                       /lib/x86_64-linux-gnu/libnsl-2.27.so
7f5c4068f000-7f5c40691000 rw-p 00000000 00:00 0 
7f5c40691000-7f5c4069c000 r-xp 00000000 fc:01 1132                       /lib/x86_64-linux-gnu/libnss_nis-2.27.so
7f5c4069c000-7f5c4089b000 ---p 0000b000 fc:01 1132                       /lib/x86_64-linux-gnu/libnss_nis-2.27.so
7f5c4089b000-7f5c4089c000 r--p 0000a000 fc:01 1132                       /lib/x86_64-linux-gnu/libnss_nis-2.27.so
7f5c4089c000-7f5c4089d000 rw-p 0000b000 fc:01 1132                       /lib/x86_64-linux-gnu/libnss_nis-2.27.so
7f5c4089d000-7f5c408a5000 r-xp 00000000 fc:01 1124                       /lib/x86_64-linux-gnu/libnss_compat-2.27.so
7f5c408a5000-7f5c40aa5000 ---p 00008000 fc:01 1124                       /lib/x86_64-linux-gnu/libnss_compat-2.27.so
7f5c40aa5000-7f5c40aa6000 r--p 00008000 fc:01 1124                       /lib/x86_64-linux-gnu/libnss_compat-2.27.so
7f5c40aa6000-7f5c40aa7000 rw-p 00009000 fc:01 1124                       /lib/x86_64-linux-gnu/libnss_compat-2.27.so
7f5c40aa7000-7f5c40ad3000 r-xp 00000000 fc:01 257022                     /usr/lib/jvm/java-11-openjdk-amd64/lib/libjava.so
7f5c40ad3000-7f5c40cd2000 ---p 0002c000 fc:01 257022                     /usr/lib/jvm/java-11-openjdk-amd64/lib/libjava.so
7f5c40cd2000-7f5c40cd3000 r--p 0002b000 fc:01 257022                     /usr/lib/jvm/java-11-openjdk-amd64/lib/libjava.so
7f5c40cd3000-7f5c40cd5000 rw-p 0002c000 fc:01 257022                     /usr/lib/jvm/java-11-openjdk-amd64/lib/libjava.so
7f5c40cd5000-7f5c40ce2000 r-xp 00000000 fc:01 257043                     /usr/lib/jvm/java-11-openjdk-amd64/lib/libverify.so
7f5c40ce2000-7f5c40ee1000 ---p 0000d000 fc:01 257043                     /usr/lib/jvm/java-11-openjdk-amd64/lib/libverify.so
7f5c40ee1000-7f5c40ee3000 r--p 0000c000 fc:01 257043                     /usr/lib/jvm/java-11-openjdk-amd64/lib/libverify.so
7f5c40ee3000-7f5c40ee4000 rw-p 0000e000 fc:01 257043                     /usr/lib/jvm/java-11-openjdk-amd64/lib/libverify.so
7f5c40ee4000-7f5c40eeb000 r-xp 00000000 fc:01 1154                       /lib/x86_64-linux-gnu/librt-2.27.so
7f5c40eeb000-7f5c410ea000 ---p 00007000 fc:01 1154                       /lib/x86_64-linux-gnu/librt-2.27.so
7f5c410ea000-7f5c410eb000 r--p 00006000 fc:01 1154                       /lib/x86_64-linux-gnu/librt-2.27.so
7f5c410eb000-7f5c410ec000 rw-p 00007000 fc:01 1154                       /lib/x86_64-linux-gnu/librt-2.27.so
7f5c410ec000-7f5c41103000 r-xp 00000000 fc:01 1282                       /lib/x86_64-linux-gnu/libgcc_s.so.1
7f5c41103000-7f5c41302000 ---p 00017000 fc:01 1282                       /lib/x86_64-linux-gnu/libgcc_s.so.1
7f5c41302000-7f5c41303000 r--p 00016000 fc:01 1282                       /lib/x86_64-linux-gnu/libgcc_s.so.1
7f5c41303000-7f5c41304000 rw-p 00017000 fc:01 1282                       /lib/x86_64-linux-gnu/libgcc_s.so.1
7f5c41304000-7f5c414a1000 r-xp 00000000 fc:01 1107                       /lib/x86_64-linux-gnu/libm-2.27.so
7f5c414a1000-7f5c416a0000 ---p 0019d000 fc:01 1107                       /lib/x86_64-linux-gnu/libm-2.27.so
7f5c416a0000-7f5c416a1000 r--p 0019c000 fc:01 1107                       /lib/x86_64-linux-gnu/libm-2.27.so
7f5c416a1000-7f5c416a2000 rw-p 0019d000 fc:01 1107                       /lib/x86_64-linux-gnu/libm-2.27.so
7f5c416a2000-7f5c4181b000 r-xp 00000000 fc:01 1305                       /usr/lib/x86_64-linux-gnu/libstdc++.so.6.0.25
7f5c4181b000-7f5c41a1b000 ---p 00179000 fc:01 1305                       /usr/lib/x86_64-linux-gnu/libstdc++.so.6.0.25
7f5c41a1b000-7f5c41a25000 r--p 00179000 fc:01 1305                       /usr/lib/x86_64-linux-gnu/libstdc++.so.6.0.25
7f5c41a25000-7f5c41a27000 rw-p 00183000 fc:01 1305                       /usr/lib/x86_64-linux-gnu/libstdc++.so.6.0.25
7f5c41a27000-7f5c41a2b000 rw-p 00000000 00:00 0 
7f5c41a2b000-7f5c429c8000 r-xp 00000000 fc:01 256543                     /usr/lib/jvm/java-11-openjdk-amd64/lib/server/libjvm.so
7f5c429c8000-7f5c42bc8000 ---p 00f9d000 fc:01 256543                     /usr/lib/jvm/java-11-openjdk-amd64/lib/server/libjvm.so
7f5c42bc8000-7f5c42c8c000 r--p 00f9d000 fc:01 256543                     /usr/lib/jvm/java-11-openjdk-amd64/lib/server/libjvm.so
7f5c42c8c000-7f5c42cc4000 rw-p 01061000 fc:01 256543                     /usr/lib/jvm/java-11-openjdk-amd64/lib/server/libjvm.so
7f5c42cc4000-7f5c42d0d000 rw-p 00000000 00:00 0 
7f5c42d0d000-7f5c42d27000 r-xp 00000000 fc:01 1148                       /lib/x86_64-linux-gnu/libpthread-2.27.so
7f5c42d27000-7f5c42f26000 ---p 0001a000 fc:01 1148                       /lib/x86_64-linux-gnu/libpthread-2.27.so
7f5c42f26000-7f5c42f27000 r--p 00019000 fc:01 1148                       /lib/x86_64-linux-gnu/libpthread-2.27.so
7f5c42f27000-7f5c42f28000 rw-p 0001a000 fc:01 1148                       /lib/x86_64-linux-gnu/libpthread-2.27.so
7f5c42f28000-7f5c42f2c000 rw-p 00000000 00:00 0 
7f5c42f2c000-7f5c42f2f000 r-xp 00000000 fc:01 1078                       /lib/x86_64-linux-gnu/libdl-2.27.so
7f5c42f2f000-7f5c4312e000 ---p 00003000 fc:01 1078                       /lib/x86_64-linux-gnu/libdl-2.27.so
7f5c4312e000-7f5c4312f000 r--p 00002000 fc:01 1078                       /lib/x86_64-linux-gnu/libdl-2.27.so
7f5c4312f000-7f5c43130000 rw-p 00003000 fc:01 1078                       /lib/x86_64-linux-gnu/libdl-2.27.so
7f5c43130000-7f5c4314c000 r-xp 00000000 fc:01 1179                       /lib/x86_64-linux-gnu/libz.so.1.2.11
7f5c4314c000-7f5c4334b000 ---p 0001c000 fc:01 1179                       /lib/x86_64-linux-gnu/libz.so.1.2.11
7f5c4334b000-7f5c4334c000 r--p 0001b000 fc:01 1179                       /lib/x86_64-linux-gnu/libz.so.1.2.11
7f5c4334c000-7f5c4334d000 rw-p 0001c000 fc:01 1179                       /lib/x86_64-linux-gnu/libz.so.1.2.11
7f5c4334d000-7f5c43534000 r-xp 00000000 fc:01 1061                       /lib/x86_64-linux-gnu/libc-2.27.so
7f5c43534000-7f5c43734000 ---p 001e7000 fc:01 1061                       /lib/x86_64-linux-gnu/libc-2.27.so
7f5c43734000-7f5c43738000 r--p 001e7000 fc:01 1061                       /lib/x86_64-linux-gnu/libc-2.27.so
7f5c43738000-7f5c4373a000 rw-p 001eb000 fc:01 1061                       /lib/x86_64-linux-gnu/libc-2.27.so
7f5c4373a000-7f5c4373e000 rw-p 00000000 00:00 0 
7f5c4373e000-7f5c4374d000 r-xp 00000000 fc:01 257005                     /usr/lib/jvm/java-11-openjdk-amd64/lib/jli/libjli.so
7f5c4374d000-7f5c4394c000 ---p 0000f000 fc:01 257005                     /usr/lib/jvm/java-11-openjdk-amd64/lib/jli/libjli.so
7f5c4394c000-7f5c4394d000 r--p 0000e000 fc:01 257005                     /usr/lib/jvm/java-11-openjdk-amd64/lib/jli/libjli.so
7f5c4394d000-7f5c4394e000 rw-p 0000f000 fc:01 257005                     /usr/lib/jvm/java-11-openjdk-amd64/lib/jli/libjli.so
7f5c4394e000-7f5c43975000 r-xp 00000000 fc:01 1037                       /lib/x86_64-linux-gnu/ld-2.27.so
7f5c43986000-7f5c439e2000 rw-p 00000000 00:00 0 
7f5c439e2000-7f5c43a55000 ---p 00000000 00:00 0 
7f5c43a55000-7f5c43a5a000 rw-p 00000000 00:00 0 
7f5c43a5a000-7f5c43a61000 ---p 00000000 00:00 0 
7f5c43a61000-7f5c43a69000 rw-s 00000000 fc:01 260454                     /tmp/hsperfdata_ether1/2854
7f5c43a69000-7f5c43a6d000 ---p 00000000 00:00 0 
7f5c43a6d000-7f5c43b6c000 rw-p 00000000 00:00 0 
7f5c43b71000-7f5c43b72000 ---p 00000000 00:00 0 
7f5c43b72000-7f5c43b73000 r--p 00000000 00:00 0 
7f5c43b73000-7f5c43b75000 rw-p 00000000 00:00 0 
7f5c43b75000-7f5c43b76000 r--p 00027000 fc:01 1037                       /lib/x86_64-linux-gnu/ld-2.27.so
7f5c43b76000-7f5c43b77000 rw-p 00028000 fc:01 1037                       /lib/x86_64-linux-gnu/ld-2.27.so
7f5c43b77000-7f5c43b78000 rw-p 00000000 00:00 0 
7fff77e53000-7fff77e74000 rw-p 00000000 00:00 0                          [stack]
7fff77f01000-7fff77f04000 r--p 00000000 00:00 0                          [vvar]
7fff77f04000-7fff77f06000 r-xp 00000000 00:00 0                          [vdso]
ffffffffff600000-ffffffffff601000 r-xp 00000000 00:00 0                  [vsyscall]


VM Arguments:
jvm_args: -Dclassworlds.conf=/usr/share/maven/bin/m2.conf -Dmaven.home=/usr/share/maven -Dlibrary.jansi.path=/usr/share/maven/lib/jansi-native -Dmaven.multiModuleProjectDirectory=/home/ether1/explorer-api 
java_command: org.codehaus.plexus.classworlds.launcher.Launcher spring-boot:run
java_class_path (initial): /usr/share/maven/boot/plexus-classworlds-2.x.jar
Launcher Type: SUN_STANDARD

Logging:
Log output configuration:
#0: stdout all=warning uptime,level,tags
#1: stderr all=off uptime,level,tags

Environment Variables:
PATH=/usr/local/sbin:/usr/local/bin:/usr/sbin:/usr/bin:/sbin:/bin:/usr/games:/usr/local/games:/snap/bin
SHELL=/bin/bash

Signal Handlers:
SIGSEGV: [libjvm.so+0xd28b70], sa_mask[0]=11111111011111111101111111111110, sa_flags=SA_RESTART|SA_SIGINFO
SIGBUS: [libjvm.so+0xd28b70], sa_mask[0]=11111111011111111101111111111110, sa_flags=SA_RESTART|SA_SIGINFO
SIGFPE: [libjvm.so+0xd28b70], sa_mask[0]=11111111011111111101111111111110, sa_flags=SA_RESTART|SA_SIGINFO
SIGPIPE: [libjvm.so+0xb2a1f0], sa_mask[0]=11111111011111111101111111111110, sa_flags=SA_RESTART|SA_SIGINFO
SIGXFSZ: [libjvm.so+0xb2a1f0], sa_mask[0]=11111111011111111101111111111110, sa_flags=SA_RESTART|SA_SIGINFO
SIGILL: [libjvm.so+0xd28b70], sa_mask[0]=11111111011111111101111111111110, sa_flags=SA_RESTART|SA_SIGINFO
SIGUSR2: [libjvm.so+0xb2a030], sa_mask[0]=00000000000000000000000000000000, sa_flags=SA_RESTART|SA_SIGINFO
SIGHUP: [libjvm.so+0xb2a180], sa_mask[0]=11111111011111111101111111111110, sa_flags=SA_RESTART|SA_SIGINFO
SIGINT: [libjvm.so+0xb2a180], sa_mask[0]=11111111011111111101111111111110, sa_flags=SA_RESTART|SA_SIGINFO
SIGTERM: [libjvm.so+0xb2a180], sa_mask[0]=11111111011111111101111111111110, sa_flags=SA_RESTART|SA_SIGINFO
SIGQUIT: [libjvm.so+0xb2a180], sa_mask[0]=11111111011111111101111111111110, sa_flags=SA_RESTART|SA_SIGINFO


---------------  S Y S T E M  ---------------

OS:DISTRIB_ID=Ubuntu
DISTRIB_RELEASE=18.04
DISTRIB_CODENAME=bionic
DISTRIB_DESCRIPTION="Ubuntu 18.04.1 LTS"
uname:Linux 4.15.0-36-generic #39-Ubuntu SMP Mon Sep 24 16:19:09 UTC 2018 x86_64
libc:glibc 2.27 NPTL 2.27 
rlimit: STACK 8192k, CORE 0k, NPROC 7733, NOFILE 1048576, AS infinity, DATA infinity, FSIZE infinity
load average:9.39 9.29 18.05

/proc/meminfo:
MemTotal:        2041232 kB
MemFree:           52608 kB
MemAvailable:          0 kB
Buffers:             336 kB
Cached:            10440 kB
SwapCached:            0 kB
Active:          1880176 kB
Inactive:           5268 kB
Active(anon):    1875056 kB
Inactive(anon):      240 kB
Active(file):       5120 kB
Inactive(file):     5028 kB
Unevictable:           0 kB
Mlocked:               0 kB
SwapTotal:             0 kB
SwapFree:              0 kB
Dirty:                12 kB
Writeback:             0 kB
AnonPages:       1874684 kB
Mapped:             8876 kB
Shmem:               612 kB
Slab:              42332 kB
SReclaimable:      18332 kB
SUnreclaim:        24000 kB
KernelStack:        4368 kB
PageTables:         9024 kB
NFS_Unstable:          0 kB
Bounce:                0 kB
WritebackTmp:          0 kB
CommitLimit:     1020616 kB
Committed_AS:    2758756 kB
VmallocTotal:   34359738367 kB
VmallocUsed:           0 kB
VmallocChunk:          0 kB
HardwareCorrupted:     0 kB
AnonHugePages:      2048 kB
ShmemHugePages:        0 kB
ShmemPmdMapped:        0 kB
CmaTotal:              0 kB
CmaFree:               0 kB
HugePages_Total:       0
HugePages_Free:        0
HugePages_Rsvd:        0
HugePages_Surp:        0
Hugepagesize:       2048 kB
DirectMap4k:       71536 kB
DirectMap2M:     2025472 kB
DirectMap1G:           0 kB

container (cgroup) information:
container_type: cgroupv1
cpu_cpuset_cpus: 0
cpu_memory_nodes: 0
active_processor_count: 1
cpu_quota: -1
cpu_period: 100000
cpu_shares: -1
memory_limit_in_bytes: -1
memory_and_swap_limit_in_bytes: -2
memory_soft_limit_in_bytes: -1
memory_usage_in_bytes: 452919296
memory_max_usage_in_bytes: 733970432


CPU:total 1 (initial active 1) (1 cores per cpu, 1 threads per core) family 6 model 85 stepping 4, cmov, cx8, fxsr, mmx, sse, sse2, sse3, ssse3, sse4.1, sse4.2, popcnt, avx, avx2, aes, clmul, erms, rtm, lzcnt, tsc, bmi1, bmi2, evex, fma
CPU Model and flags from /proc/cpuinfo:
model name	: Virtual CPU 82d9ed4018dd
flags		: fpu vme de pse tsc msr pae mce cx8 apic sep mtrr pge mca cmov pat pse36 clflush mmx fxsr sse sse2 syscall nx pdpe1gb rdtscp lm constant_tsc rep_good nopl xtopology cpuid pni pclmulqdq ssse3 fma cx16 pcid sse4_1 sse4_2 x2apic movbe popcnt tsc_deadline_timer aes xsave avx f16c rdrand hypervisor lahf_lm abm cpuid_fault invpcid_single pti fsgsbase bmi1 hle avx2 smep bmi2 erms invpcid rtm avx512f avx512dq clwb avx512cd avx512bw avx512vl xsaveopt arat

Memory: 4k page, physical 2041232k(52836k free), swap 0k(0k free)

vm_info: OpenJDK 64-Bit Server VM (10.0.2+13-Ubuntu-1ubuntu0.18.04.4) for linux-amd64 JRE (10.0.2+13-Ubuntu-1ubuntu0.18.04.4), built on Nov 13 2018 12:53:39 by "buildd" with gcc 7.3.0

END.
